#
# There is insufficient memory for the Java Runtime Environment to continue.
# Native memory allocation (mmap) failed to map 80740352 bytes for committing reserved memory.
# Possible reasons:
#   The system is out of physical RAM or swap space
#   The process is running with CompressedOops enabled, and the Java Heap may be blocking the growth of the native heap
# Possible solutions:
#   Reduce memory load on the system
#   Increase physical memory or swap space
#   Check if swap backing store is full
#   Decrease Java heap size (-Xmx/-Xms)
#   Decrease number of Java threads
#   Decrease Java thread stack sizes (-Xss)
#   Set larger code cache with -XX:ReservedCodeCacheSize=
#   JVM is running with Unscaled Compressed Oops mode in which the Java heap is
#     placed in the first 4GB address space. The Java Heap base address is the
#     maximum limit for the native heap growth. Please use -XX:HeapBaseMinAddress
#     to set the Java Heap base and to place the Java Heap above 4GB virtual address.
# This output file may be truncated or incomplete.
#
#  Out of Memory Error (os_linux.cpp:2749), pid=27257, tid=0x00007f7664494700
#
# JRE version: Java(TM) SE Runtime Environment (8.0_221-b11) (build 1.8.0_221-b11)
# Java VM: Java HotSpot(TM) 64-Bit Server VM (25.221-b11 mixed mode linux-amd64 compressed oops)
# Failed to write core dump. Core dumps have been disabled. To enable core dumping, try "ulimit -c unlimited" before starting Java again
#

---------------  T H R E A D  ---------------

Current thread (0x00007f7660078000):  VMThread [stack: 0x00007f7664395000,0x00007f7664495000] [id=27267]

Stack: [0x00007f7664395000,0x00007f7664495000],  sp=0x00007f76644933f0,  free space=1016k
Native frames: (J=compiled Java code, j=interpreted, Vv=VM code, C=native code)
V  [libjvm.so+0xad3455]  VMError::report_and_die()+0x2e5
V  [libjvm.so+0x4e0537]  report_vm_out_of_memory(char const*, int, unsigned long, VMErrorType, char const*)+0x67
V  [libjvm.so+0x910320]  os::pd_commit_memory(char*, unsigned long, unsigned long, bool)+0x100
V  [libjvm.so+0x90794f]  os::commit_memory(char*, unsigned long, unsigned long, bool)+0x1f
V  [libjvm.so+0x98c736]  PSVirtualSpace::expand_by(unsigned long)+0x56
V  [libjvm.so+0x98d9c8]  PSYoungGen::resize(unsigned long, unsigned long)+0xd8
V  [libjvm.so+0x98a166]  PSScavenge::invoke_no_policy()+0x1376
V  [libjvm.so+0x98a4fc]  PSScavenge::invoke()+0x4c
V  [libjvm.so+0x93a248]  ParallelScavengeHeap::failed_mem_allocate(unsigned long)+0x68
V  [libjvm.so+0xad4fa3]  VM_ParallelGCFailedAllocation::doit()+0x93
V  [libjvm.so+0xada1c6]  VM_Operation::evaluate()+0x46
V  [libjvm.so+0xad84fd]  VMThread::evaluate_operation(VM_Operation*) [clone .constprop.44]+0xcd
V  [libjvm.so+0xad8ae3]  VMThread::loop()+0x3a3
V  [libjvm.so+0xad8eb8]  VMThread::run()+0x78
V  [libjvm.so+0x90d952]  java_start(Thread*)+0x102

VM_Operation (0x00007f7667929220): ParallelGCFailedAllocation, mode: safepoint, requested by thread 0x00007f766000a800


---------------  P R O C E S S  ---------------

Java Threads: ( => current thread )
  0x00007f76600e3000 JavaThread "Service Thread" daemon [_thread_blocked, id=27274, stack(0x00007f7650bfc000,0x00007f7650cfd000)]
  0x00007f76600c0000 JavaThread "C1 CompilerThread2" daemon [_thread_blocked, id=27273, stack(0x00007f7650cfe000,0x00007f7650dfe000)]
  0x00007f76600be000 JavaThread "C2 CompilerThread1" daemon [_thread_blocked, id=27272, stack(0x00007f7650dff000,0x00007f7650eff000)]
  0x00007f76600bb800 JavaThread "C2 CompilerThread0" daemon [_thread_blocked, id=27271, stack(0x00007f7650f00000,0x00007f7651000000)]
  0x00007f76600ba000 JavaThread "Signal Dispatcher" daemon [_thread_blocked, id=27270, stack(0x00007f7664091000,0x00007f7664192000)]
  0x00007f7660086800 JavaThread "Finalizer" daemon [_thread_blocked, id=27269, stack(0x00007f7664192000,0x00007f7664293000)]
  0x00007f7660082000 JavaThread "Reference Handler" daemon [_thread_blocked, id=27268, stack(0x00007f7664293000,0x00007f7664394000)]
  0x00007f766000a800 JavaThread "main" [_thread_blocked, id=27262, stack(0x00007f766782e000,0x00007f766792e000)]

Other Threads:
=>0x00007f7660078000 VMThread [stack: 0x00007f7664395000,0x00007f7664495000] [id=27267]
  0x00007f76600e8000 WatcherThread [stack: 0x00007f7650afc000,0x00007f7650bfc000] [id=27275]

VM state:at safepoint (normal execution)

VM Mutex/Monitor currently owned by a thread:  ([mutex/lock_event])
[0x00007f76600080d0] Threads_lock - owner thread: 0x00007f7660078000
[0x00007f76600085d0] Heap_lock - owner thread: 0x00007f766000a800

heap address: 0x0000000084800000, size: 1976 MB, Compressed Oops mode: 32-bit
Narrow klass base: 0x0000000000000000, Narrow klass shift: 3
Compressed class space size: 1073741824 Address: 0x0000000100000000

Heap:
 PSYoungGen      total 68608K, used 5104K [0x00000000d6d80000, 0x00000000db580000, 0x0000000100000000)
  eden space 63488K, 0% used [0x00000000d6d80000,0x00000000d6d80000,0x00000000dab80000)
  from space 5120K, 99% used [0x00000000dab80000,0x00000000db07c010,0x00000000db080000)
  to   space 5120K, 0% used [0x00000000db080000,0x00000000db080000,0x00000000db580000)
 ParOldGen       total 84992K, used 13950K [0x0000000084800000, 0x0000000089b00000, 0x00000000d6d80000)
  object space 84992K, 16% used [0x0000000084800000,0x000000008559fb20,0x0000000089b00000)
 Metaspace       used 15883K, capacity 16140K, committed 16384K, reserved 1062912K
  class space    used 1908K, capacity 2009K, committed 2048K, reserved 1048576K

Card table byte_map: [0x00007f7666a06000,0x00007f7666de3000] byte_map_base: 0x00007f76665e2000

Marking Bits: (ParMarkBitMap*) 0x00007f7668a46d80
 Begin Bits: [0x00007f7648240000, 0x00007f764a120000)
 End Bits:   [0x00007f764a120000, 0x00007f764c000000)

Polling page: 0x00007f7668eab000

CodeCache: size=245760Kb used=9708Kb max_used=9714Kb free=236052Kb
 bounds [0x00007f7651000000, 0x00007f7651990000, 0x00007f7660000000]
 total_blobs=3112 nmethods=2755 adapters=269
 compilation: enabled

Compilation events (10 events):
Event: 52.635 Thread 0x00007f76600c0000 nmethod 2827 0x00007f7651960650 code [0x00007f7651960800, 0x00007f7651960d38]
Event: 52.723 Thread 0x00007f76600c0000 2828       3       sun.reflect.ClassFileAssembler::setStack (25 bytes)
Event: 53.260 Thread 0x00007f76600c0000 nmethod 2828 0x00007f76519602d0 code [0x00007f7651960440, 0x00007f76519605d0]
Event: 53.853 Thread 0x00007f76600c0000 2823       3       org.eclipse.aether.graph.Dependency$Exclusions::<init> (53 bytes)
Event: 54.064 Thread 0x00007f76600bb800 nmethod 2819 0x00007f765195c490 code [0x00007f765195c620, 0x00007f765195cbb8]
Event: 54.106 Thread 0x00007f76600bb800 2826       4       org.eclipse.sisu.inject.LocatedBeans::iterator (9 bytes)
Event: 54.948 Thread 0x00007f76600c0000 nmethod 2823 0x00007f765195af50 code [0x00007f765195b1a0, 0x00007f765195bf18]
Event: 55.009 Thread 0x00007f76600c0000 2830       3       org.apache.maven.model.Dependency::setScope (6 bytes)
Event: 55.621 Thread 0x00007f76600c0000 nmethod 2830 0x00007f765195ff90 code [0x00007f76519600e0, 0x00007f7651960250]
Event: 55.664 Thread 0x00007f76600c0000 2832       1       org.eclipse.aether.graph.DefaultDependencyNode::getArtifact (5 bytes)

GC Heap History (9 events):
Event: 3.065 GC heap before
{Heap before GC invocations=1 (full 0):
 PSYoungGen      total 36864K, used 31744K [0x00000000d6d80000, 0x00000000d9680000, 0x0000000100000000)
  eden space 31744K, 100% used [0x00000000d6d80000,0x00000000d8c80000,0x00000000d8c80000)
  from space 5120K, 0% used [0x00000000d9180000,0x00000000d9180000,0x00000000d9680000)
  to   space 5120K, 0% used [0x00000000d8c80000,0x00000000d8c80000,0x00000000d9180000)
 ParOldGen       total 84992K, used 0K [0x0000000084800000, 0x0000000089b00000, 0x00000000d6d80000)
  object space 84992K, 0% used [0x0000000084800000,0x0000000084800000,0x0000000089b00000)
 Metaspace       used 8464K, capacity 8572K, committed 8832K, reserved 1056768K
  class space    used 1047K, capacity 1112K, committed 1152K, reserved 1048576K
Event: 3.087 GC heap after
Heap after GC invocations=1 (full 0):
 PSYoungGen      total 36864K, used 5018K [0x00000000d6d80000, 0x00000000d9680000, 0x0000000100000000)
  eden space 31744K, 0% used [0x00000000d6d80000,0x00000000d6d80000,0x00000000d8c80000)
  from space 5120K, 98% used [0x00000000d8c80000,0x00000000d9166920,0x00000000d9180000)
  to   space 5120K, 0% used [0x00000000d9180000,0x00000000d9180000,0x00000000d9680000)
 ParOldGen       total 84992K, used 8K [0x0000000084800000, 0x0000000089b00000, 0x00000000d6d80000)
  object space 84992K, 0% used [0x0000000084800000,0x0000000084802000,0x0000000089b00000)
 Metaspace       used 8464K, capacity 8572K, committed 8832K, reserved 1056768K
  class space    used 1047K, capacity 1112K, committed 1152K, reserved 1048576K
}
Event: 4.970 GC heap before
{Heap before GC invocations=2 (full 0):
 PSYoungGen      total 36864K, used 36762K [0x00000000d6d80000, 0x00000000d9680000, 0x0000000100000000)
  eden space 31744K, 100% used [0x00000000d6d80000,0x00000000d8c80000,0x00000000d8c80000)
  from space 5120K, 98% used [0x00000000d8c80000,0x00000000d9166920,0x00000000d9180000)
  to   space 5120K, 0% used [0x00000000d9180000,0x00000000d9180000,0x00000000d9680000)
 ParOldGen       total 84992K, used 8K [0x0000000084800000, 0x0000000089b00000, 0x00000000d6d80000)
  object space 84992K, 0% used [0x0000000084800000,0x0000000084802000,0x0000000089b00000)
 Metaspace       used 11713K, capacity 11848K, committed 12160K, reserved 1060864K
  class space    used 1457K, capacity 1541K, committed 1664K, reserved 1048576K
Event: 5.002 GC heap after
Heap after GC invocations=2 (full 0):
 PSYoungGen      total 36864K, used 5099K [0x00000000d6d80000, 0x00000000db580000, 0x0000000100000000)
  eden space 31744K, 0% used [0x00000000d6d80000,0x00000000d6d80000,0x00000000d8c80000)
  from space 5120K, 99% used [0x00000000d9180000,0x00000000d967ae90,0x00000000d9680000)
  to   space 5120K, 0% used [0x00000000d8c80000,0x00000000d8c80000,0x00000000d9180000)
 ParOldGen       total 84992K, used 1397K [0x0000000084800000, 0x0000000089b00000, 0x00000000d6d80000)
  object space 84992K, 1% used [0x0000000084800000,0x000000008495d790,0x0000000089b00000)
 Metaspace       used 11713K, capacity 11848K, committed 12160K, reserved 1060864K
  class space    used 1457K, capacity 1541K, committed 1664K, reserved 1048576K
}
Event: 7.446 GC heap before
{Heap before GC invocations=3 (full 0):
 PSYoungGen      total 36864K, used 36843K [0x00000000d6d80000, 0x00000000db580000, 0x0000000100000000)
  eden space 31744K, 100% used [0x00000000d6d80000,0x00000000d8c80000,0x00000000d8c80000)
  from space 5120K, 99% used [0x00000000d9180000,0x00000000d967ae90,0x00000000d9680000)
  to   space 5120K, 0% used [0x00000000d8c80000,0x00000000d8c80000,0x00000000d9180000)
 ParOldGen       total 84992K, used 1397K [0x0000000084800000, 0x0000000089b00000, 0x00000000d6d80000)
  object space 84992K, 1% used [0x0000000084800000,0x000000008495d790,0x0000000089b00000)
 Metaspace       used 15029K, capacity 15288K, committed 15616K, reserved 1062912K
  class space    used 1860K, capacity 1969K, committed 2048K, reserved 1048576K
Event: 7.503 GC heap after
Heap after GC invocations=3 (full 0):
 PSYoungGen      total 36864K, used 5104K [0x00000000d6d80000, 0x00000000db580000, 0x0000000100000000)
  eden space 31744K, 0% used [0x00000000d6d80000,0x00000000d6d80000,0x00000000d8c80000)
  from space 5120K, 99% used [0x00000000d8c80000,0x00000000d917c030,0x00000000d9180000)
  to   space 5120K, 0% used [0x00000000db080000,0x00000000db080000,0x00000000db580000)
 ParOldGen       total 84992K, used 4022K [0x0000000084800000, 0x0000000089b00000, 0x00000000d6d80000)
  object space 84992K, 4% used [0x0000000084800000,0x0000000084beda00,0x0000000089b00000)
 Metaspace       used 15029K, capacity 15288K, committed 15616K, reserved 1062912K
  class space    used 1860K, capacity 1969K, committed 2048K, reserved 1048576K
}
Event: 14.466 GC heap before
{Heap before GC invocations=4 (full 0):
 PSYoungGen      total 36864K, used 36848K [0x00000000d6d80000, 0x00000000db580000, 0x0000000100000000)
  eden space 31744K, 100% used [0x00000000d6d80000,0x00000000d8c80000,0x00000000d8c80000)
  from space 5120K, 99% used [0x00000000d8c80000,0x00000000d917c030,0x00000000d9180000)
  to   space 5120K, 0% used [0x00000000db080000,0x00000000db080000,0x00000000db580000)
 ParOldGen       total 84992K, used 4022K [0x0000000084800000, 0x0000000089b00000, 0x00000000d6d80000)
  object space 84992K, 4% used [0x0000000084800000,0x0000000084beda00,0x0000000089b00000)
 Metaspace       used 15392K, capacity 15644K, committed 15872K, reserved 1062912K
  class space    used 1875K, capacity 1975K, committed 2048K, reserved 1048576K
Event: 14.585 GC heap after
Heap after GC invocations=4 (full 0):
 PSYoungGen      total 68608K, used 5104K [0x00000000d6d80000, 0x00000000db580000, 0x0000000100000000)
  eden space 63488K, 0% used [0x00000000d6d80000,0x00000000d6d80000,0x00000000dab80000)
  from space 5120K, 99% used [0x00000000db080000,0x00000000db57c010,0x00000000db580000)
  to   space 5120K, 0% used [0x00000000dab80000,0x00000000dab80000,0x00000000db080000)
 ParOldGen       total 84992K, used 7372K [0x0000000084800000, 0x0000000089b00000, 0x00000000d6d80000)
  object space 84992K, 8% used [0x0000000084800000,0x0000000084f331d8,0x0000000089b00000)
 Metaspace       used 15392K, capacity 15644K, committed 15872K, reserved 1062912K
  class space    used 1875K, capacity 1975K, committed 2048K, reserved 1048576K
}
Event: 55.914 GC heap before
{Heap before GC invocations=5 (full 0):
 PSYoungGen      total 68608K, used 68592K [0x00000000d6d80000, 0x00000000db580000, 0x0000000100000000)
  eden space 63488K, 100% used [0x00000000d6d80000,0x00000000dab80000,0x00000000dab80000)
  from space 5120K, 99% used [0x00000000db080000,0x00000000db57c010,0x00000000db580000)
  to   space 5120K, 0% used [0x00000000dab80000,0x00000000dab80000,0x00000000db080000)
 ParOldGen       total 84992K, used 7372K [0x0000000084800000, 0x0000000089b00000, 0x00000000d6d80000)
  object space 84992K, 8% used [0x0000000084800000,0x0000000084f331d8,0x0000000089b00000)
 Metaspace       used 15883K, capacity 16140K, committed 16384K, reserved 1062912K
  class space    used 1908K, capacity 2009K, committed 2048K, reserved 1048576K

Deoptimization events (10 events):
Event: 20.181 Thread 0x00007f766000a800 Uncommon trap: reason=class_check action=maybe_recompile pc=0x00007f765185ce5c method=java.util.regex.Pattern$7.isSatisfiedBy(I)Z @ 16
Event: 20.186 Thread 0x00007f766000a800 Uncommon trap: reason=class_check action=maybe_recompile pc=0x00007f765172ff34 method=java.util.regex.Pattern$CharProperty$1.isSatisfiedBy(I)Z @ 5
Event: 20.186 Thread 0x00007f766000a800 Uncommon trap: reason=class_check action=maybe_recompile pc=0x00007f765172ff34 method=java.util.regex.Pattern$CharProperty$1.isSatisfiedBy(I)Z @ 5
Event: 20.186 Thread 0x00007f766000a800 Uncommon trap: reason=class_check action=maybe_recompile pc=0x00007f765172ff34 method=java.util.regex.Pattern$CharProperty$1.isSatisfiedBy(I)Z @ 5
Event: 29.127 Thread 0x00007f766000a800 Uncommon trap: reason=unstable_if action=reinterpret pc=0x00007f7651887a94 method=org.codehaus.plexus.util.xml.pull.MXParser.nextImpl()I @ 972
Event: 30.146 Thread 0x00007f766000a800 Uncommon trap: reason=class_check action=maybe_recompile pc=0x00007f76518dacd8 method=org.apache.maven.model.interpolation.StringSearchModelInterpolator$InterpolateObjectAction$MapField.doInterpolate(Ljava/lang/Object;Lorg/apache/maven/model/interpolation
Event: 30.350 Thread 0x00007f766000a800 Uncommon trap: reason=class_check action=maybe_recompile pc=0x00007f76518dacd8 method=org.apache.maven.model.interpolation.StringSearchModelInterpolator$InterpolateObjectAction$MapField.doInterpolate(Ljava/lang/Object;Lorg/apache/maven/model/interpolation
Event: 30.396 Thread 0x00007f766000a800 Uncommon trap: reason=class_check action=maybe_recompile pc=0x00007f76518dacd8 method=org.apache.maven.model.interpolation.StringSearchModelInterpolator$InterpolateObjectAction$MapField.doInterpolate(Ljava/lang/Object;Lorg/apache/maven/model/interpolation
Event: 50.875 Thread 0x00007f766000a800 Uncommon trap: reason=unstable_if action=reinterpret pc=0x00007f765196a83c method=org.apache.maven.model.interpolation.UrlNormalizingPostProcessor.execute(Ljava/lang/String;Ljava/lang/Object;)Ljava/lang/Object; @ 13
Event: 52.017 Thread 0x00007f766000a800 Uncommon trap: reason=unstable_if action=reinterpret pc=0x00007f76516d8db0 method=java.lang.reflect.AccessibleObject.setAccessible0(Ljava/lang/reflect/AccessibleObject;Z)V @ 4

Classes redefined (0 events):
No events

Internal exceptions (10 events):
Event: 6.712 Thread 0x00007f766000a800 Implicit null exception at 0x00007f765130a535 to 0x00007f765130a8e5
Event: 6.713 Thread 0x00007f766000a800 Implicit null exception at 0x00007f76512068b6 to 0x00007f7651206c69
Event: 12.541 Thread 0x00007f766000a800 Implicit null exception at 0x00007f76516c3ede to 0x00007f76516c4849
Event: 16.161 Thread 0x00007f766000a800 Implicit null exception at 0x00007f76518355ca to 0x00007f7651835841
Event: 17.439 Thread 0x00007f766000a800 Implicit null exception at 0x00007f765184b5fc to 0x00007f765184bbc5
Event: 17.442 Thread 0x00007f766000a800 Implicit null exception at 0x00007f765181c9d0 to 0x00007f765181ce1d
Event: 17.484 Thread 0x00007f766000a800 Implicit null exception at 0x00007f765173593d to 0x00007f7651735a76
Event: 17.907 Thread 0x00007f766000a800 Implicit null exception at 0x00007f76513a4ff5 to 0x00007f76513a51d1
Event: 17.951 Thread 0x00007f766000a800 Implicit null exception at 0x00007f76513983ef to 0x00007f7651398459
Event: 18.854 Thread 0x00007f766000a800 Implicit null exception at 0x00007f76517d96af to 0x00007f76517d9b9d

Events (10 events):
Event: 30.387 Thread 0x00007f766000a800 Uncommon trap: trap_request=0xffffffde fr.pc=0x00007f76518dacd8
Event: 30.396 Thread 0x00007f766000a800 DEOPT PACKING pc=0x00007f76518dacd8 sp=0x00007f76679294a0
Event: 30.396 Thread 0x00007f766000a800 DEOPT UNPACKING pc=0x00007f765104573a sp=0x00007f7667929438 mode 2
Event: 50.868 Thread 0x00007f766000a800 Uncommon trap: trap_request=0xffffff65 fr.pc=0x00007f765196a83c
Event: 50.878 Thread 0x00007f766000a800 DEOPT PACKING pc=0x00007f765196a83c sp=0x00007f7667929300
Event: 50.879 Thread 0x00007f766000a800 DEOPT UNPACKING pc=0x00007f765104573a sp=0x00007f76679292b0 mode 2
Event: 51.995 Thread 0x00007f766000a800 Uncommon trap: trap_request=0xffffff65 fr.pc=0x00007f76516d8db0
Event: 52.120 Thread 0x00007f766000a800 DEOPT PACKING pc=0x00007f76516d8db0 sp=0x00007f76679274b0
Event: 52.143 Thread 0x00007f766000a800 DEOPT UNPACKING pc=0x00007f765104573a sp=0x00007f7667927460 mode 2
Event: 55.866 Executing VM operation: ParallelGCFailedAllocation


Dynamic libraries:
00400000-00401000 r-xp 00000000 08:05 1143237                            /home/fadeil/java/jdk1.8.0_221/bin/java
00600000-00601000 r--p 00000000 08:05 1143237                            /home/fadeil/java/jdk1.8.0_221/bin/java
00601000-00602000 rw-p 00001000 08:05 1143237                            /home/fadeil/java/jdk1.8.0_221/bin/java
00830000-00851000 rw-p 00000000 00:00 0                                  [heap]
84800000-89b00000 rw-p 00000000 00:00 0 
89b00000-d6d80000 ---p 00000000 00:00 0 
d6d80000-db580000 rw-p 00000000 00:00 0 
e0280000-100000000 ---p 00000000 00:00 0 
100000000-100200000 rw-p 00000000 00:00 0 
100200000-140000000 ---p 00000000 00:00 0 
7f7614000000-7f7614021000 rw-p 00000000 00:00 0 
7f7614021000-7f7618000000 ---p 00000000 00:00 0 
7f7618000000-7f7618021000 rw-p 00000000 00:00 0 
7f7618021000-7f761c000000 ---p 00000000 00:00 0 
7f761c000000-7f761e299000 rw-p 00000000 00:00 0 
7f761e299000-7f7620000000 ---p 00000000 00:00 0 
7f7620000000-7f762130c000 rw-p 00000000 00:00 0 
7f762130c000-7f7624000000 ---p 00000000 00:00 0 
7f7624000000-7f7624021000 rw-p 00000000 00:00 0 
7f7624021000-7f7628000000 ---p 00000000 00:00 0 
7f7628000000-7f762999f000 rw-p 00000000 00:00 0 
7f762999f000-7f762c000000 ---p 00000000 00:00 0 
7f762c000000-7f762c021000 rw-p 00000000 00:00 0 
7f762c021000-7f7630000000 ---p 00000000 00:00 0 
7f7630000000-7f7630021000 rw-p 00000000 00:00 0 
7f7630021000-7f7634000000 ---p 00000000 00:00 0 
7f7634000000-7f7634021000 rw-p 00000000 00:00 0 
7f7634021000-7f7638000000 ---p 00000000 00:00 0 
7f7638000000-7f763829b000 rw-p 00000000 00:00 0 
7f763829b000-7f763c000000 ---p 00000000 00:00 0 
7f763c000000-7f763c021000 rw-p 00000000 00:00 0 
7f763c021000-7f7640000000 ---p 00000000 00:00 0 
7f7640fff000-7f7644000000 rw-p 00000000 00:00 0 
7f7644000000-7f7644021000 rw-p 00000000 00:00 0 
7f7644021000-7f7648000000 ---p 00000000 00:00 0 
7f7648040000-7f764c000000 rw-p 00000000 00:00 0 
7f764c000000-7f764c021000 rw-p 00000000 00:00 0 
7f764c021000-7f7650000000 ---p 00000000 00:00 0 
7f765007d000-7f765027d000 rw-p 00000000 00:00 0 
7f765027d000-7f765047d000 rw-p 00000000 00:00 0 
7f765047d000-7f765047e000 r--p 00000000 08:05 341667                     /usr/lib/x86_64-linux-gnu/libutil-2.30.so
7f765047e000-7f765047f000 r-xp 00001000 08:05 341667                     /usr/lib/x86_64-linux-gnu/libutil-2.30.so
7f765047f000-7f7650480000 r--p 00002000 08:05 341667                     /usr/lib/x86_64-linux-gnu/libutil-2.30.so
7f7650480000-7f7650481000 r--p 00002000 08:05 341667                     /usr/lib/x86_64-linux-gnu/libutil-2.30.so
7f7650481000-7f7650482000 rw-p 00003000 08:05 341667                     /usr/lib/x86_64-linux-gnu/libutil-2.30.so
7f7650492000-7f7650493000 r--s 00001000 08:05 355952                     /app/extra/idea-IU/plugins/maven/lib/maven-event-listener.jar
7f7650493000-7f7650496000 r-xp 00000000 08:05 1127424                    /home/fadeil/.var/app/com.jetbrains.IntelliJ-IDEA-Ultimate/cache/tmp/libjansi-1.17.1-5254314656959161249.so
7f7650496000-7f7650695000 ---p 00003000 08:05 1127424                    /home/fadeil/.var/app/com.jetbrains.IntelliJ-IDEA-Ultimate/cache/tmp/libjansi-1.17.1-5254314656959161249.so
7f7650695000-7f7650696000 rw-p 00002000 08:05 1127424                    /home/fadeil/.var/app/com.jetbrains.IntelliJ-IDEA-Ultimate/cache/tmp/libjansi-1.17.1-5254314656959161249.so
7f7650696000-7f76506ac000 r-xp 00000000 08:05 1143477                    /home/fadeil/java/jdk1.8.0_221/jre/lib/amd64/libnet.so
7f76506ac000-7f76508ab000 ---p 00016000 08:05 1143477                    /home/fadeil/java/jdk1.8.0_221/jre/lib/amd64/libnet.so
7f76508ab000-7f76508ac000 r--p 00015000 08:05 1143477                    /home/fadeil/java/jdk1.8.0_221/jre/lib/amd64/libnet.so
7f76508ac000-7f76508ad000 rw-p 00016000 08:05 1143477                    /home/fadeil/java/jdk1.8.0_221/jre/lib/amd64/libnet.so
7f76508ad000-7f76508be000 r-xp 00000000 08:05 1143532                    /home/fadeil/java/jdk1.8.0_221/jre/lib/amd64/libnio.so
7f76508be000-7f7650abd000 ---p 00011000 08:05 1143532                    /home/fadeil/java/jdk1.8.0_221/jre/lib/amd64/libnio.so
7f7650abd000-7f7650abe000 r--p 00010000 08:05 1143532                    /home/fadeil/java/jdk1.8.0_221/jre/lib/amd64/libnio.so
7f7650abe000-7f7650abf000 rw-p 00011000 08:05 1143532                    /home/fadeil/java/jdk1.8.0_221/jre/lib/amd64/libnio.so
7f7650abf000-7f7650acc000 r--s 0008d000 08:05 808005                     /apache-maven/apache-maven-3.5.4/lib/maven-core-3.5.4.jar
7f7650acc000-7f7650afb000 r--s 00226000 08:05 808016                     /apache-maven/apache-maven-3.5.4/lib/guava-20.0.jar
7f7650afb000-7f7650afc000 ---p 00000000 00:00 0 
7f7650afc000-7f7650bfc000 rw-p 00000000 00:00 0 
7f7650bfc000-7f7650bff000 ---p 00000000 00:00 0 
7f7650bff000-7f7650cfd000 rw-p 00000000 00:00 0 
7f7650cfd000-7f7650cfe000 ---p 00000000 00:00 0 
7f7650cfe000-7f7650d01000 ---p 00000000 00:00 0 
7f7650d01000-7f7650dfe000 rw-p 00000000 00:00 0 
7f7650dfe000-7f7650dff000 ---p 00000000 00:00 0 
7f7650dff000-7f7650e02000 ---p 00000000 00:00 0 
7f7650e02000-7f7650eff000 rw-p 00000000 00:00 0 
7f7650eff000-7f7650f00000 ---p 00000000 00:00 0 
7f7650f00000-7f7650f03000 ---p 00000000 00:00 0 
7f7650f03000-7f7651000000 rw-p 00000000 00:00 0 
7f7651000000-7f7651990000 rwxp 00000000 00:00 0 
7f7651990000-7f7660000000 ---p 00000000 00:00 0 
7f7660000000-7f7660b84000 rw-p 00000000 00:00 0 
7f7660b84000-7f7664000000 ---p 00000000 00:00 0 
7f7664000000-7f7664005000 r--s 000a3000 08:05 1143314                    /home/fadeil/java/jdk1.8.0_221/jre/lib/jsse.jar
7f7664005000-7f7664006000 r--s 00003000 08:05 807999                     /apache-maven/apache-maven-3.5.4/lib/maven-builder-support-3.5.4.jar
7f7664006000-7f7664009000 r--s 00008000 08:05 808011                     /apache-maven/apache-maven-3.5.4/lib/cdi-api-1.0.jar
7f7664009000-7f766400c000 r--s 00016000 08:05 807995                     /apache-maven/apache-maven-3.5.4/lib/maven-embedder-3.5.4.jar
7f766400c000-7f7664010000 r--s 00023000 08:05 808020                     /apache-maven/apache-maven-3.5.4/lib/maven-resolver-util-1.1.1.jar
7f7664010000-7f7664013000 r--s 00011000 08:05 808001                     /apache-maven/apache-maven-3.5.4/lib/plexus-interpolation-1.24.jar
7f7664013000-7f766401e000 r--s 00075000 08:05 808024                     /apache-maven/apache-maven-3.5.4/lib/guice-4.2.0-no_aop.jar
7f766401e000-7f766401f000 r--s 00005000 08:05 808035                     /apache-maven/apache-maven-3.5.4/lib/maven-slf4j-provider-3.5.4.jar
7f766401f000-7f7664021000 r--s 00009000 08:05 808026                     /apache-maven/apache-maven-3.5.4/lib/slf4j-api-1.7.25.jar
7f7664021000-7f7664022000 r--s 00002000 08:05 808032                     /apache-maven/apache-maven-3.5.4/lib/wagon-file-3.1.0.jar
7f7664022000-7f7664027000 r--s 00027000 08:05 808015                     /apache-maven/apache-maven-3.5.4/lib/maven-model-builder-3.5.4.jar
7f7664027000-7f7664029000 r--s 0000a000 08:05 808009                     /apache-maven/apache-maven-3.5.4/lib/maven-plugin-api-3.5.4.jar
7f7664029000-7f766402d000 r--s 00042000 08:05 808036                     /apache-maven/apache-maven-3.5.4/lib/jansi-1.17.1.jar
7f766402d000-7f7664031000 r--s 0002f000 08:05 808023                     /apache-maven/apache-maven-3.5.4/lib/commons-io-2.5.jar
7f7664031000-7f7664033000 r--s 00000000 08:05 808002                     /apache-maven/apache-maven-3.5.4/lib/plexus-component-annotations-1.7.1.jar
7f7664033000-7f7664035000 r--s 0000c000 08:05 808008                     /apache-maven/apache-maven-3.5.4/lib/maven-artifact-3.5.4.jar
7f7664035000-7f7664062000 r--s 001de000 08:05 808030                     /apache-maven/apache-maven-3.5.4/lib/wagon-http-3.1.0-shaded.jar
7f7664062000-7f7664064000 r--s 00006000 08:05 808034                     /apache-maven/apache-maven-3.5.4/lib/maven-resolver-transport-wagon-1.1.1.jar
7f7664064000-7f766406a000 r--s 0002d000 08:05 808010                     /apache-maven/apache-maven-3.5.4/lib/org.eclipse.sisu.plexus-0.3.3.jar
7f766406a000-7f766406c000 r--s 00000000 08:05 808025                     /apache-maven/apache-maven-3.5.4/lib/aopalliance-1.0.jar
7f766406c000-7f766406e000 r--s 00009000 08:05 807998                     /apache-maven/apache-maven-3.5.4/lib/maven-settings-builder-3.5.4.jar
7f766406e000-7f766406f000 r--s 00006000 08:05 808007                     /apache-maven/apache-maven-3.5.4/lib/maven-repository-metadata-3.5.4.jar
7f766406f000-7f7664071000 r--s 00009000 08:05 808033                     /apache-maven/apache-maven-3.5.4/lib/maven-resolver-connector-basic-1.1.1.jar
7f7664071000-7f7664074000 r--s 00026000 08:05 808006                     /apache-maven/apache-maven-3.5.4/lib/maven-model-3.5.4.jar
7f7664074000-7f7664075000 r--s 00006000 08:05 808003                     /apache-maven/apache-maven-3.5.4/lib/plexus-sec-dispatcher-1.4.jar
7f7664075000-7f7664077000 r--s 00003000 08:05 808031                     /apache-maven/apache-maven-3.5.4/lib/jcl-over-slf4j-1.7.25.jar
7f7664077000-7f7664078000 r--s 00001000 08:05 808012                     /apache-maven/apache-maven-3.5.4/lib/jsr250-api-1.0.jar
7f7664078000-7f766407b000 r--s 00026000 08:05 808022                     /apache-maven/apache-maven-3.5.4/lib/maven-shared-utils-3.2.1.jar
7f766407b000-7f766407f000 r--s 00020000 08:05 808018                     /apache-maven/apache-maven-3.5.4/lib/maven-resolver-api-1.1.1.jar
7f766407f000-7f7664081000 r--s 0000c000 08:05 808029                     /apache-maven/apache-maven-3.5.4/lib/wagon-provider-api-3.1.0.jar
7f7664081000-7f7664083000 r--s 0000c000 08:05 808027                     /apache-maven/apache-maven-3.5.4/lib/commons-cli-1.4.jar
7f7664083000-7f766408b000 r--s 0006e000 08:05 808000                     /apache-maven/apache-maven-3.5.4/lib/commons-lang3-3.5.jar
7f766408b000-7f7664091000 r--s 00041000 08:05 808028                     /apache-maven/apache-maven-3.5.4/lib/maven-compat-3.5.4.jar
7f7664091000-7f7664094000 ---p 00000000 00:00 0 
7f7664094000-7f7664192000 rw-p 00000000 00:00 0 
7f7664192000-7f7664195000 ---p 00000000 00:00 0 
7f7664195000-7f7664293000 rw-p 00000000 00:00 0 
7f7664293000-7f7664296000 ---p 00000000 00:00 0 
7f7664296000-7f7664394000 rw-p 00000000 00:00 0 
7f7664394000-7f7664395000 ---p 00000000 00:00 0 
7f7664395000-7f7665499000 rw-p 00000000 00:00 0 
7f7665499000-7f7665673000 r--s 03d88000 08:05 1143299                    /home/fadeil/java/jdk1.8.0_221/jre/lib/rt.jar
7f7665673000-7f766636f000 rw-p 00000000 00:00 0 
7f766636f000-7f7666370000 ---p 00000000 00:00 0 
7f7666370000-7f7666470000 rw-p 00000000 00:00 0 
7f7666470000-7f7666471000 ---p 00000000 00:00 0 
7f7666471000-7f7666571000 rw-p 00000000 00:00 0 
7f7666571000-7f7666572000 ---p 00000000 00:00 0 
7f7666572000-7f7666672000 rw-p 00000000 00:00 0 
7f7666672000-7f7666673000 ---p 00000000 00:00 0 
7f7666673000-7f766679d000 rw-p 00000000 00:00 0 
7f766679d000-7f7666a06000 ---p 00000000 00:00 0 
7f7666a06000-7f7666a30000 rw-p 00000000 00:00 0 
7f7666a30000-7f7666c98000 ---p 00000000 00:00 0 
7f7666c98000-7f7666cbd000 rw-p 00000000 00:00 0 
7f7666cbd000-7f7666de2000 ---p 00000000 00:00 0 
7f7666de2000-7f7666e0a000 rw-p 00000000 00:00 0 
7f7666e0a000-7f76671a3000 ---p 00000000 00:00 0 
7f76671a3000-7f76671be000 r-xp 00000000 08:05 1143496                    /home/fadeil/java/jdk1.8.0_221/jre/lib/amd64/libzip.so
7f76671be000-7f76673bd000 ---p 0001b000 08:05 1143496                    /home/fadeil/java/jdk1.8.0_221/jre/lib/amd64/libzip.so
7f76673bd000-7f76673be000 r--p 0001a000 08:05 1143496                    /home/fadeil/java/jdk1.8.0_221/jre/lib/amd64/libzip.so
7f76673be000-7f76673bf000 rw-p 0001b000 08:05 1143496                    /home/fadeil/java/jdk1.8.0_221/jre/lib/amd64/libzip.so
7f76673bf000-7f76673c2000 r--p 00000000 08:05 354891                     /usr/lib/x86_64-linux-gnu/libnss_files-2.30.so
7f76673c2000-7f76673c9000 r-xp 00003000 08:05 354891                     /usr/lib/x86_64-linux-gnu/libnss_files-2.30.so
7f76673c9000-7f76673cb000 r--p 0000a000 08:05 354891                     /usr/lib/x86_64-linux-gnu/libnss_files-2.30.so
7f76673cb000-7f76673cc000 ---p 0000c000 08:05 354891                     /usr/lib/x86_64-linux-gnu/libnss_files-2.30.so
7f76673cc000-7f76673cd000 r--p 0000c000 08:05 354891                     /usr/lib/x86_64-linux-gnu/libnss_files-2.30.so
7f76673cd000-7f76673ce000 rw-p 0000d000 08:05 354891                     /usr/lib/x86_64-linux-gnu/libnss_files-2.30.so
7f76673ce000-7f76673d4000 rw-p 00000000 00:00 0 
7f76673d4000-7f76673d5000 r--s 00000000 08:05 808013                     /apache-maven/apache-maven-3.5.4/lib/javax.inject-1.jar
7f76673d5000-7f76673d7000 r--s 0000f000 08:05 808017                     /apache-maven/apache-maven-3.5.4/lib/maven-resolver-provider-3.5.4.jar
7f76673d7000-7f76673db000 r--s 0003c000 08:05 807997                     /apache-maven/apache-maven-3.5.4/lib/plexus-utils-3.1.0.jar
7f76673db000-7f76673dc000 r--s 0000a000 08:05 807996                     /apache-maven/apache-maven-3.5.4/lib/maven-settings-3.5.4.jar
7f76673dc000-7f76673de000 r--s 00007000 08:05 808019                     /apache-maven/apache-maven-3.5.4/lib/maven-resolver-spi-1.1.1.jar
7f76673de000-7f76673e5000 r--s 00056000 08:05 808014                     /apache-maven/apache-maven-3.5.4/lib/org.eclipse.sisu.inject-0.3.3.jar
7f76673e5000-7f7667411000 r-xp 00000000 08:05 1143491                    /home/fadeil/java/jdk1.8.0_221/jre/lib/amd64/libjava.so
7f7667411000-7f7667611000 ---p 0002c000 08:05 1143491                    /home/fadeil/java/jdk1.8.0_221/jre/lib/amd64/libjava.so
7f7667611000-7f7667612000 r--p 0002c000 08:05 1143491                    /home/fadeil/java/jdk1.8.0_221/jre/lib/amd64/libjava.so
7f7667612000-7f7667614000 rw-p 0002d000 08:05 1143491                    /home/fadeil/java/jdk1.8.0_221/jre/lib/amd64/libjava.so
7f7667614000-7f7667621000 r-xp 00000000 08:05 1143482                    /home/fadeil/java/jdk1.8.0_221/jre/lib/amd64/libverify.so
7f7667621000-7f7667820000 ---p 0000d000 08:05 1143482                    /home/fadeil/java/jdk1.8.0_221/jre/lib/amd64/libverify.so
7f7667820000-7f7667822000 r--p 0000c000 08:05 1143482                    /home/fadeil/java/jdk1.8.0_221/jre/lib/amd64/libverify.so
7f7667822000-7f7667823000 rw-p 0000e000 08:05 1143482                    /home/fadeil/java/jdk1.8.0_221/jre/lib/amd64/libverify.so
7f7667823000-7f7667825000 r--p 00000000 08:05 285921                     /usr/lib/x86_64-linux-gnu/librt-2.30.so
7f7667825000-7f7667829000 r-xp 00002000 08:05 285921                     /usr/lib/x86_64-linux-gnu/librt-2.30.so
7f7667829000-7f766782b000 r--p 00006000 08:05 285921                     /usr/lib/x86_64-linux-gnu/librt-2.30.so
7f766782b000-7f766782c000 r--p 00007000 08:05 285921                     /usr/lib/x86_64-linux-gnu/librt-2.30.so
7f766782c000-7f766782d000 rw-p 00008000 08:05 285921                     /usr/lib/x86_64-linux-gnu/librt-2.30.so
7f766782d000-7f766782e000 ---p 00000000 00:00 0 
7f766782e000-7f7667831000 ---p 00000000 00:00 0 
7f7667831000-7f766792e000 rw-p 00000000 00:00 0 
7f766792e000-7f766793b000 r--p 00000000 08:05 284234                     /usr/lib/x86_64-linux-gnu/libm-2.30.so
7f766793b000-7f76679dc000 r-xp 0000d000 08:05 284234                     /usr/lib/x86_64-linux-gnu/libm-2.30.so
7f76679dc000-7f7667a79000 r--p 000ae000 08:05 284234                     /usr/lib/x86_64-linux-gnu/libm-2.30.so
7f7667a79000-7f7667a7a000 r--p 0014a000 08:05 284234                     /usr/lib/x86_64-linux-gnu/libm-2.30.so
7f7667a7a000-7f7667a7b000 rw-p 0014b000 08:05 284234                     /usr/lib/x86_64-linux-gnu/libm-2.30.so
7f7667a7b000-7f7668763000 r-xp 00000000 08:05 1143542                    /home/fadeil/java/jdk1.8.0_221/jre/lib/amd64/server/libjvm.so
7f7668763000-7f7668962000 ---p 00ce8000 08:05 1143542                    /home/fadeil/java/jdk1.8.0_221/jre/lib/amd64/server/libjvm.so
7f7668962000-7f76689f8000 r--p 00ce7000 08:05 1143542                    /home/fadeil/java/jdk1.8.0_221/jre/lib/amd64/server/libjvm.so
7f76689f8000-7f7668a29000 rw-p 00d7d000 08:05 1143542                    /home/fadeil/java/jdk1.8.0_221/jre/lib/amd64/server/libjvm.so
7f7668a29000-7f7668a66000 rw-p 00000000 00:00 0 
7f7668a66000-7f7668a88000 r--p 00000000 08:05 352217                     /usr/lib/x86_64-linux-gnu/libc-2.30.so
7f7668a88000-7f7668bd7000 r-xp 00022000 08:05 352217                     /usr/lib/x86_64-linux-gnu/libc-2.30.so
7f7668bd7000-7f7668c24000 r--p 00171000 08:05 352217                     /usr/lib/x86_64-linux-gnu/libc-2.30.so
7f7668c24000-7f7668c25000 ---p 001be000 08:05 352217                     /usr/lib/x86_64-linux-gnu/libc-2.30.so
7f7668c25000-7f7668c29000 r--p 001be000 08:05 352217                     /usr/lib/x86_64-linux-gnu/libc-2.30.so
7f7668c29000-7f7668c2b000 rw-p 001c2000 08:05 352217                     /usr/lib/x86_64-linux-gnu/libc-2.30.so
7f7668c2b000-7f7668c2f000 rw-p 00000000 00:00 0 
7f7668c2f000-7f7668c30000 r--p 00000000 08:05 353555                     /usr/lib/x86_64-linux-gnu/libdl-2.30.so
7f7668c30000-7f7668c32000 r-xp 00001000 08:05 353555                     /usr/lib/x86_64-linux-gnu/libdl-2.30.so
7f7668c32000-7f7668c33000 r--p 00003000 08:05 353555                     /usr/lib/x86_64-linux-gnu/libdl-2.30.so
7f7668c33000-7f7668c34000 r--p 00003000 08:05 353555                     /usr/lib/x86_64-linux-gnu/libdl-2.30.so
7f7668c34000-7f7668c35000 rw-p 00004000 08:05 353555                     /usr/lib/x86_64-linux-gnu/libdl-2.30.so
7f7668c35000-7f7668c4c000 r-xp 00000000 08:05 1142621                    /home/fadeil/java/jdk1.8.0_221/lib/amd64/jli/libjli.so
7f7668c4c000-7f7668e4b000 ---p 00017000 08:05 1142621                    /home/fadeil/java/jdk1.8.0_221/lib/amd64/jli/libjli.so
7f7668e4b000-7f7668e4c000 r--p 00016000 08:05 1142621                    /home/fadeil/java/jdk1.8.0_221/lib/amd64/jli/libjli.so
7f7668e4c000-7f7668e4d000 rw-p 00017000 08:05 1142621                    /home/fadeil/java/jdk1.8.0_221/lib/amd64/jli/libjli.so
7f7668e4d000-7f7668e53000 r--p 00000000 08:05 358396                     /usr/lib/x86_64-linux-gnu/libpthread-2.30.so
7f7668e53000-7f7668e63000 r-xp 00006000 08:05 358396                     /usr/lib/x86_64-linux-gnu/libpthread-2.30.so
7f7668e63000-7f7668e69000 r--p 00016000 08:05 358396                     /usr/lib/x86_64-linux-gnu/libpthread-2.30.so
7f7668e69000-7f7668e6a000 r--p 0001b000 08:05 358396                     /usr/lib/x86_64-linux-gnu/libpthread-2.30.so
7f7668e6a000-7f7668e6b000 rw-p 0001c000 08:05 358396                     /usr/lib/x86_64-linux-gnu/libpthread-2.30.so
7f7668e6b000-7f7668e71000 rw-p 00000000 00:00 0 
7f7668e71000-7f7668e73000 r--s 00002000 08:05 808004                     /apache-maven/apache-maven-3.5.4/lib/plexus-cipher-1.7.jar
7f7668e73000-7f7668e77000 r--s 0002a000 08:05 808021                     /apache-maven/apache-maven-3.5.4/lib/maven-resolver-impl-1.1.1.jar
7f7668e77000-7f7668e79000 r--s 0000b000 08:05 807994                     /apache-maven/apache-maven-3.5.4/boot/plexus-classworlds-2.5.2.jar
7f7668e79000-7f7668e81000 rw-s 00000000 00:4d 138                        /tmp/hsperfdata_fadeil/27257
7f7668e81000-7f7668e82000 rw-p 00000000 00:00 0 
7f7668e82000-7f7668e83000 r--p 00000000 08:05 283467                     /usr/lib/x86_64-linux-gnu/ld-2.30.so
7f7668e83000-7f7668ea3000 r-xp 00001000 08:05 283467                     /usr/lib/x86_64-linux-gnu/ld-2.30.so
7f7668ea3000-7f7668eab000 r--p 00021000 08:05 283467                     /usr/lib/x86_64-linux-gnu/ld-2.30.so
7f7668eab000-7f7668eac000 ---p 00000000 00:00 0 
7f7668eac000-7f7668ead000 r--p 00029000 08:05 283467                     /usr/lib/x86_64-linux-gnu/ld-2.30.so
7f7668ead000-7f7668eae000 rw-p 0002a000 08:05 283467                     /usr/lib/x86_64-linux-gnu/ld-2.30.so
7f7668eae000-7f7668eaf000 rw-p 00000000 00:00 0 
7fff3a249000-7fff3a26a000 rw-p 00000000 00:00 0                          [stack]
7fff3a37b000-7fff3a37e000 r--p 00000000 00:00 0                          [vvar]
7fff3a37e000-7fff3a380000 r-xp 00000000 00:00 0                          [vdso]
ffffffffff600000-ffffffffff601000 r-xp 00000000 00:00 0                  [vsyscall]

VM Arguments:
jvm_args: -Djava.io.tmpdir=/home/fadeil/.var/app/com.jetbrains.IntelliJ-IDEA-Ultimate/cache/tmp/ -Dmaven.multiModuleProjectDirectory=/media/fadeil/94f6b88b-edc6-4f64-8ef3-9fff35a6f51a/fadeil/alternaceDossier/EPEC_Alt/Abdelfadeil/MovieE-Commerce-v2 -Dmaven.home=/apache-maven/apache-maven-3.5.4 -Dclassworlds.conf=/apache-maven/apache-maven-3.5.4/bin/m2.conf -Dmaven.ext.class.path=/app/extra/idea-IU/plugins/maven/lib/maven-event-listener.jar -Dfile.encoding=UTF-8 
java_command: org.codehaus.classworlds.Launcher -Didea.version2019.2.3 -s /home/fadeil/.m2/settings.xml -Dmaven.repo.local=/home/fadeil/.m2/repository install
java_class_path (initial): /apache-maven/apache-maven-3.5.4/boot/plexus-classworlds-2.5.2.jar
Launcher Type: SUN_STANDARD

Environment Variables:
JAVA_HOME=/usr/lib/java/jdk1.8.0_221
JAVA_TOOL_OPTIONS=-Djava.io.tmpdir=/home/fadeil/.var/app/com.jetbrains.IntelliJ-IDEA-Ultimate/cache/tmp/
PATH=/app/bin:/usr/bin:
USERNAME=fadeil
SHELL=/bin/sh
DISPLAY=:99.0

Signal Handlers:
SIGSEGV: [libjvm.so+0xad3d90], sa_mask[0]=11111111011111111101111111111110, sa_flags=SA_RESTART|SA_SIGINFO
SIGBUS: [libjvm.so+0xad3d90], sa_mask[0]=11111111011111111101111111111110, sa_flags=SA_RESTART|SA_SIGINFO
SIGFPE: [libjvm.so+0x90b8b0], sa_mask[0]=11111111011111111101111111111110, sa_flags=SA_RESTART|SA_SIGINFO
SIGPIPE: [libjvm.so+0x90b8b0], sa_mask[0]=11111111011111111101111111111110, sa_flags=SA_RESTART|SA_SIGINFO
SIGXFSZ: [libjvm.so+0x90b8b0], sa_mask[0]=11111111011111111101111111111110, sa_flags=SA_RESTART|SA_SIGINFO
SIGILL: [libjvm.so+0x90b8b0], sa_mask[0]=11111111011111111101111111111110, sa_flags=SA_RESTART|SA_SIGINFO
SIGUSR1: SIG_DFL, sa_mask[0]=00000000000000000000000000000000, sa_flags=none
SIGUSR2: [libjvm.so+0x90b780], sa_mask[0]=00100000000000000000000000000000, sa_flags=SA_RESTART|SA_SIGINFO
SIGHUP: [libjvm.so+0x90bda0], sa_mask[0]=11111111011111111101111111111110, sa_flags=SA_RESTART|SA_SIGINFO
SIGINT: [libjvm.so+0x90bda0], sa_mask[0]=11111111011111111101111111111110, sa_flags=SA_RESTART|SA_SIGINFO
SIGTERM: [libjvm.so+0x90bda0], sa_mask[0]=11111111011111111101111111111110, sa_flags=SA_RESTART|SA_SIGINFO
SIGQUIT: [libjvm.so+0x90bda0], sa_mask[0]=11111111011111111101111111111110, sa_flags=SA_RESTART|SA_SIGINFO


---------------  S Y S T E M  ---------------

OS:NAME=Freedesktop.org
VERSION="19.08.3 (Flatpak runtime)"
VERSION_ID=19.08.3
ID=org.freedesktop.platform
PRETTY_NAME="Freedesktop.org 19.08.3 (Flatpak runtime)"
BUG_REPORT_URL=https://gitlab.com/freedesktop-sdk/freedesktop-sdk/issues
uname:Linux 4.15.0-70-generic #79-Ubuntu SMP Tue Nov 12 10:36:11 UTC 2019 x86_64
libc:glibc 2.30 NPTL 2.30 
rlimit: STACK 8192k, CORE 0k, NPROC 31136, NOFILE 1048576, AS infinity
load average:34.62 12.24 5.56

/proc/meminfo:
MemTotal:        8086324 kB
MemFree:          105512 kB
MemAvailable:       7644 kB
Buffers:             396 kB
Cached:           545352 kB
SwapCached:        14396 kB
Active:          6571404 kB
Inactive:         973580 kB
Active(anon):    6567088 kB
Inactive(anon):   967040 kB
Active(file):       4316 kB
Inactive(file):     6540 kB
Unevictable:          96 kB
Mlocked:              96 kB
SwapTotal:       2097148 kB
SwapFree:              0 kB
Dirty:                 8 kB
Writeback:             8 kB
AnonPages:       6986004 kB
Mapped:           318016 kB
Shmem:            534632 kB
Slab:             158336 kB
SReclaimable:      70996 kB
SUnreclaim:        87340 kB
KernelStack:       23376 kB
PageTables:       135740 kB
NFS_Unstable:          0 kB
Bounce:                0 kB
WritebackTmp:          0 kB
CommitLimit:     6140308 kB
Committed_AS:   20307768 kB
VmallocTotal:   34359738367 kB
VmallocUsed:           0 kB
VmallocChunk:          0 kB
HardwareCorrupted:     0 kB
AnonHugePages:         0 kB
ShmemHugePages:        0 kB
ShmemPmdMapped:        0 kB
CmaTotal:              0 kB
CmaFree:               0 kB
HugePages_Total:       0
HugePages_Free:        0
HugePages_Rsvd:        0
HugePages_Surp:        0
Hugepagesize:       2048 kB
DirectMap4k:      802240 kB
DirectMap2M:     7505920 kB
DirectMap1G:     1048576 kB


CPU:total 4 (initial active 4) (2 cores per cpu, 2 threads per core) family 6 model 69 stepping 1, cmov, cx8, fxsr, mmx, sse, sse2, sse3, ssse3, sse4.1, sse4.2, popcnt, avx, avx2, aes, clmul, erms, lzcnt, ht, tsc, tscinvbit, bmi1, bmi2

/proc/cpuinfo:
processor	: 0
vendor_id	: GenuineIntel
cpu family	: 6
model		: 69
model name	: Intel(R) Core(TM) i5-4200U CPU @ 1.60GHz
stepping	: 1
microcode	: 0x25
cpu MHz		: 2153.280
cache size	: 3072 KB
physical id	: 0
siblings	: 4
core id		: 0
cpu cores	: 2
apicid		: 0
initial apicid	: 0
fpu		: yes
fpu_exception	: yes
cpuid level	: 13
wp		: yes
flags		: fpu vme de pse tsc msr pae mce cx8 apic sep mtrr pge mca cmov pat pse36 clflush dts acpi mmx fxsr sse sse2 ss ht tm pbe syscall nx pdpe1gb rdtscp lm constant_tsc arch_perfmon pebs bts rep_good nopl xtopology nonstop_tsc cpuid aperfmperf pni pclmulqdq dtes64 monitor ds_cpl vmx est tm2 ssse3 sdbg fma cx16 xtpr pdcm pcid sse4_1 sse4_2 movbe popcnt tsc_deadline_timer aes xsave avx f16c rdrand lahf_lm abm cpuid_fault epb invpcid_single pti ssbd ibrs ibpb stibp tpr_shadow vnmi flexpriority ept vpid fsgsbase tsc_adjust bmi1 avx2 smep bmi2 erms invpcid xsaveopt dtherm ida arat pln pts md_clear flush_l1d
bugs		: cpu_meltdown spectre_v1 spectre_v2 spec_store_bypass l1tf mds swapgs itlb_multihit
bogomips	: 4589.21
clflush size	: 64
cache_alignment	: 64
address sizes	: 39 bits physical, 48 bits virtual
power management:

processor	: 1
vendor_id	: GenuineIntel
cpu family	: 6
model		: 69
model name	: Intel(R) Core(TM) i5-4200U CPU @ 1.60GHz
stepping	: 1
microcode	: 0x25
cpu MHz		: 2175.455
cache size	: 3072 KB
physical id	: 0
siblings	: 4
core id		: 0
cpu cores	: 2
apicid		: 1
initial apicid	: 1
fpu		: yes
fpu_exception	: yes
cpuid level	: 13
wp		: yes
flags		: fpu vme de pse tsc msr pae mce cx8 apic sep mtrr pge mca cmov pat pse36 clflush dts acpi mmx fxsr sse sse2 ss ht tm pbe syscall nx pdpe1gb rdtscp lm constant_tsc arch_perfmon pebs bts rep_good nopl xtopology nonstop_tsc cpuid aperfmperf pni pclmulqdq dtes64 monitor ds_cpl vmx est tm2 ssse3 sdbg fma cx16 xtpr pdcm pcid sse4_1 sse4_2 movbe popcnt tsc_deadline_timer aes xsave avx f16c rdrand lahf_lm abm cpuid_fault epb invpcid_single pti ssbd ibrs ibpb stibp tpr_shadow vnmi flexpriority ept vpid fsgsbase tsc_adjust bmi1 avx2 smep bmi2 erms invpcid xsaveopt dtherm ida arat pln pts md_clear flush_l1d
bugs		: cpu_meltdown spectre_v1 spectre_v2 spec_store_bypass l1tf mds swapgs itlb_multihit
bogomips	: 4589.21
clflush size	: 64
cache_alignment	: 64
address sizes	: 39 bits physical, 48 bits virtual
power management:

processor	: 2
vendor_id	: GenuineIntel
cpu family	: 6
model		: 69
model name	: Intel(R) Core(TM) i5-4200U CPU @ 1.60GHz
stepping	: 1
microcode	: 0x25
cpu MHz		: 2166.832
cache size	: 3072 KB
physical id	: 0
siblings	: 4
core id		: 1
cpu cores	: 2
apicid		: 2
initial apicid	: 2
fpu		: yes
fpu_exception	: yes
cpuid level	: 13
wp		: yes
flags		: fpu vme de pse tsc msr pae mce cx8 apic sep mtrr pge mca cmov pat pse36 clflush dts acpi mmx fxsr sse sse2 ss ht tm pbe syscall nx pdpe1gb rdtscp lm constant_tsc arch_perfmon pebs bts rep_good nopl xtopology nonstop_tsc cpuid aperfmperf pni pclmulqdq dtes64 monitor ds_cpl vmx est tm2 ssse3 sdbg fma cx16 xtpr pdcm pcid sse4_1 sse4_2 movbe popcnt tsc_deadline_timer aes xsave avx f16c rdrand lahf_lm abm cpuid_fault epb invpcid_single pti ssbd ibrs ibpb stibp tpr_shadow vnmi flexpriority ept vpid fsgsbase tsc_adjust bmi1 avx2 smep bmi2 erms invpcid xsaveopt dtherm ida arat pln pts md_clear flush_l1d
bugs		: cpu_meltdown spectre_v1 spectre_v2 spec_store_bypass l1tf mds swapgs itlb_multihit
bogomips	: 4589.21
clflush size	: 64
cache_alignment	: 64
address sizes	: 39 bits physical, 48 bits virtual
power management:

processor	: 3
vendor_id	: GenuineIntel
cpu family	: 6
model		: 69
model name	: Intel(R) Core(TM) i5-4200U CPU @ 1.60GHz
stepping	: 1
microcode	: 0x25
cpu MHz		: 2194.854
cache size	: 3072 KB
physical id	: 0
siblings	: 4
core id		: 1
cpu cores	: 2
apicid		: 3
initial apicid	: 3
fpu		: yes
fpu_exception	: yes
cpuid level	: 13
wp		: yes
flags		: fpu vme de pse tsc msr pae mce cx8 apic sep mtrr pge mca cmov pat pse36 clflush dts acpi mmx fxsr sse sse2 ss ht tm pbe syscall nx pdpe1gb rdtscp lm constant_tsc arch_perfmon pebs bts rep_good nopl xtopology nonstop_tsc cpuid aperfmperf pni pclmulqdq dtes64 monitor ds_cpl vmx est tm2 ssse3 sdbg fma cx16 xtpr pdcm pcid sse4_1 sse4_2 movbe popcnt tsc_deadline_timer aes xsave avx f16c rdrand lahf_lm abm cpuid_fault epb invpcid_single pti ssbd ibrs ibpb stibp tpr_shadow vnmi flexpriority ept vpid fsgsbase tsc_adjust bmi1 avx2 smep bmi2 erms invpcid xsaveopt dtherm ida arat pln pts md_clear flush_l1d
bugs		: cpu_meltdown spectre_v1 spectre_v2 spec_store_bypass l1tf mds swapgs itlb_multihit
bogomips	: 4589.21
clflush size	: 64
cache_alignment	: 64
address sizes	: 39 bits physical, 48 bits virtual
power management:



Memory: 4k page, physical 8086324k(105804k free), swap 2097148k(0k free)

vm_info: Java HotSpot(TM) 64-Bit Server VM (25.221-b11) for linux-amd64 JRE (1.8.0_221-b11), built on Jul  4 2019 04:27:00 by "java_re" with gcc 7.3.0

time: Tue Nov 26 00:49:32 2019
timezone: CET
elapsed time: 80 seconds (0d 0h 1m 20s)

