#
# There is insufficient memory for the Java Runtime Environment to continue.
# Native memory allocation (mmap) failed to map 76021760 bytes for committing reserved memory.
# Possible reasons:
#   The system is out of physical RAM or swap space
#   The process is running with CompressedOops enabled, and the Java Heap may be blocking the growth of the native heap
# Possible solutions:
#   Reduce memory load on the system
#   Increase physical memory or swap space
#   Check if swap backing store is full
#   Decrease Java heap size (-Xmx/-Xms)
#   Decrease number of Java threads
#   Decrease Java thread stack sizes (-Xss)
#   Set larger code cache with -XX:ReservedCodeCacheSize=
#   JVM is running with Unscaled Compressed Oops mode in which the Java heap is
#     placed in the first 4GB address space. The Java Heap base address is the
#     maximum limit for the native heap growth. Please use -XX:HeapBaseMinAddress
#     to set the Java Heap base and to place the Java Heap above 4GB virtual address.
# This output file may be truncated or incomplete.
#
#  Out of Memory Error (os_linux.cpp:2749), pid=19406, tid=0x00007f5ab2490700
#
# JRE version: Java(TM) SE Runtime Environment (8.0_221-b11) (build 1.8.0_221-b11)
# Java VM: Java HotSpot(TM) 64-Bit Server VM (25.221-b11 mixed mode linux-amd64 compressed oops)
# Failed to write core dump. Core dumps have been disabled. To enable core dumping, try "ulimit -c unlimited" before starting Java again
#

---------------  T H R E A D  ---------------

Current thread (0x00007f5ad0078000):  VMThread [stack: 0x00007f5ab2391000,0x00007f5ab2491000] [id=19417]

Stack: [0x00007f5ab2391000,0x00007f5ab2491000],  sp=0x00007f5ab248f3c0,  free space=1016k
Native frames: (J=compiled Java code, j=interpreted, Vv=VM code, C=native code)
V  [libjvm.so+0xad3455]  VMError::report_and_die()+0x2e5
V  [libjvm.so+0x4e0537]  report_vm_out_of_memory(char const*, int, unsigned long, VMErrorType, char const*)+0x67
V  [libjvm.so+0x910320]  os::pd_commit_memory(char*, unsigned long, unsigned long, bool)+0x100
V  [libjvm.so+0x90794f]  os::commit_memory(char*, unsigned long, unsigned long, bool)+0x1f
V  [libjvm.so+0x98c736]  PSVirtualSpace::expand_by(unsigned long)+0x56
V  [libjvm.so+0x98d9c8]  PSYoungGen::resize(unsigned long, unsigned long)+0xd8
V  [libjvm.so+0x98a166]  PSScavenge::invoke_no_policy()+0x1376
V  [libjvm.so+0x982b89]  PSParallelCompact::invoke(bool)+0x49
V  [libjvm.so+0x45cc53]  CollectedHeap::collect_as_vm_thread(GCCause::Cause)+0x153
V  [libjvm.so+0xad44e1]  VM_CollectForMetadataAllocation::doit()+0x161
V  [libjvm.so+0xada1c6]  VM_Operation::evaluate()+0x46
V  [libjvm.so+0xad84fd]  VMThread::evaluate_operation(VM_Operation*) [clone .constprop.44]+0xcd
V  [libjvm.so+0xad8ae3]  VMThread::loop()+0x3a3
V  [libjvm.so+0xad8eb8]  VMThread::run()+0x78
V  [libjvm.so+0x90d952]  java_start(Thread*)+0x102

VM_Operation (0x00007f5ab0333e30): CollectForMetadataAllocation, mode: safepoint, requested by thread 0x00007f5ad0999000


---------------  P R O C E S S  ---------------

Java Threads: ( => current thread )
  0x00007f5ad0b76800 JavaThread "Thread-5" [_thread_in_native, id=19698, stack(0x00007f5a80cc3000,0x00007f5a80dc4000)]
  0x00007f5ad0b75000 JavaThread "Thread-4" [_thread_blocked, id=19697, stack(0x00007f5a80dc4000,0x00007f5a80ec5000)]
  0x00007f5ad0b73000 JavaThread "Thread-3" [_thread_blocked, id=19696, stack(0x00007f5a80ec5000,0x00007f5a80fc6000)]
  0x00007f5ad0b70800 JavaThread "process reaper" daemon [_thread_in_native, id=19695, stack(0x00007f5a80fc6000,0x00007f5a80fff000)]
  0x00007f5ad0999000 JavaThread "ThreadedStreamConsumer" daemon [_thread_blocked, id=19693, stack(0x00007f5ab0237000,0x00007f5ab0338000)]
  0x00007f5ad0998000 JavaThread "ping-timer-10s" daemon [_thread_blocked, id=19692, stack(0x00007f5ab0338000,0x00007f5ab0439000)]
  0x00007f5ad040e800 JavaThread "timeout-check-timer" daemon [_thread_blocked, id=19691, stack(0x00007f5ab0439000,0x00007f5ab053a000)]
  0x00007f5ad09a5000 JavaThread "resolver-5" daemon [_thread_blocked, id=19690, stack(0x00007f5ab053a000,0x00007f5ab063b000)]
  0x00007f5ad09ab800 JavaThread "resolver-4" daemon [_thread_blocked, id=19689, stack(0x00007f5ab063b000,0x00007f5ab073c000)]
  0x00007f5ad0223800 JavaThread "resolver-3" daemon [_thread_blocked, id=19688, stack(0x00007f5ab073c000,0x00007f5ab083d000)]
  0x00007f5ad0222000 JavaThread "resolver-2" daemon [_thread_blocked, id=19687, stack(0x00007f5ab083d000,0x00007f5ab093e000)]
  0x00007f5ad0105000 JavaThread "resolver-1" daemon [_thread_blocked, id=19686, stack(0x00007f5ab093e000,0x00007f5ab0a3f000)]
  0x00007f5ad00c3000 JavaThread "Service Thread" daemon [_thread_blocked, id=19428, stack(0x00007f5ab1c89000,0x00007f5ab1d8a000)]
  0x00007f5ad00c0000 JavaThread "C1 CompilerThread2" daemon [_thread_blocked, id=19427, stack(0x00007f5ab1d8b000,0x00007f5ab1e8b000)]
  0x00007f5ad00be000 JavaThread "C2 CompilerThread1" daemon [_thread_blocked, id=19426, stack(0x00007f5ab1e8c000,0x00007f5ab1f8c000)]
  0x00007f5ad00bb800 JavaThread "C2 CompilerThread0" daemon [_thread_blocked, id=19425, stack(0x00007f5ab1f8d000,0x00007f5ab208d000)]
  0x00007f5ad00ba000 JavaThread "Signal Dispatcher" daemon [_thread_blocked, id=19424, stack(0x00007f5ab208d000,0x00007f5ab218e000)]
  0x00007f5ad0086800 JavaThread "Finalizer" daemon [_thread_blocked, id=19419, stack(0x00007f5ab218e000,0x00007f5ab228f000)]
  0x00007f5ad0082000 JavaThread "Reference Handler" daemon [_thread_blocked, id=19418, stack(0x00007f5ab228f000,0x00007f5ab2390000)]
  0x00007f5ad000a800 JavaThread "main" [_thread_blocked, id=19409, stack(0x00007f5ad4626000,0x00007f5ad4726000)]

Other Threads:
=>0x00007f5ad0078000 VMThread [stack: 0x00007f5ab2391000,0x00007f5ab2491000] [id=19417]
  0x00007f5ad00c7800 WatcherThread [stack: 0x00007f5ab1b89000,0x00007f5ab1c89000] [id=19429]

VM state:at safepoint (normal execution)

VM Mutex/Monitor currently owned by a thread:  ([mutex/lock_event])
[0x00007f5ad00080d0] Threads_lock - owner thread: 0x00007f5ad0078000
[0x00007f5ad00085d0] Heap_lock - owner thread: 0x00007f5ad0999000

heap address: 0x0000000084800000, size: 1976 MB, Compressed Oops mode: 32-bit
Narrow klass base: 0x0000000000000000, Narrow klass shift: 3
Compressed class space size: 1073741824 Address: 0x0000000100000000

Heap:
 PSYoungGen      total 139776K, used 12055K [0x00000000d6d80000, 0x00000000e0680000, 0x0000000100000000)
  eden space 124416K, 0% used [0x00000000d6d80000,0x00000000d6d80000,0x00000000de700000)
  from space 15360K, 78% used [0x00000000de700000,0x00000000df2c5e78,0x00000000df600000)
  to   space 13824K, 0% used [0x00000000df600000,0x00000000df600000,0x00000000e0380000)
 ParOldGen       total 84992K, used 19620K [0x0000000084800000, 0x0000000089b00000, 0x00000000d6d80000)
  object space 84992K, 23% used [0x0000000084800000,0x0000000085b29388,0x0000000089b00000)
 Metaspace       used 20493K, capacity 21074K, committed 21248K, reserved 1069056K
  class space    used 2324K, capacity 2535K, committed 2560K, reserved 1048576K

Card table byte_map: [0x00007f5ac0647000,0x00007f5ac0a24000] byte_map_base: 0x00007f5ac0223000

Marking Bits: (ParMarkBitMap*) 0x00007f5ad583ed80
 Begin Bits: [0x00007f5ab8240000, 0x00007f5aba120000)
 End Bits:   [0x00007f5aba120000, 0x00007f5abc000000)

Polling page: 0x00007f5ad5ca3000

CodeCache: size=245760Kb used=13087Kb max_used=13168Kb free=232672Kb
 bounds [0x00007f5ac0de4000, 0x00007f5ac1ad4000, 0x00007f5acfde4000]
 total_blobs=4163 nmethods=3759 adapters=317
 compilation: enabled

Compilation events (10 events):
Event: 108.509 Thread 0x00007f5ad00c0000 4273       3       java.util.concurrent.locks.AbstractQueuedSynchronizer$ConditionObject::checkInterruptWhileWaiting (27 bytes)
Event: 108.510 Thread 0x00007f5ad00c0000 nmethod 4273 0x00007f5ac0f4b250 code [0x00007f5ac0f4b420, 0x00007f5ac0f4ba78]
Event: 108.510 Thread 0x00007f5ad00c0000 4274   !   3       java.util.concurrent.locks.AbstractQueuedSynchronizer::acquireQueued (93 bytes)
Event: 108.511 Thread 0x00007f5ad00c0000 nmethod 4274 0x00007f5ac0f49e90 code [0x00007f5ac0f4a0c0, 0x00007f5ac0f4abb8]
Event: 108.522 Thread 0x00007f5ad00c0000 4275       3       java.util.concurrent.locks.AbstractQueuedSynchronizer::transferForSignal (45 bytes)
Event: 108.522 Thread 0x00007f5ad00c0000 nmethod 4275 0x00007f5ac0f47f50 code [0x00007f5ac0f48100, 0x00007f5ac0f485d8]
Event: 109.312 Thread 0x00007f5ad00c0000 4276       3       java.util.concurrent.locks.LockSupport::parkNanos (29 bytes)
Event: 109.312 Thread 0x00007f5ad00c0000 nmethod 4276 0x00007f5ac1046250 code [0x00007f5ac10463e0, 0x00007f5ac1046748]
Event: 112.418 Thread 0x00007f5ad00c0000 4277       3       java.util.concurrent.ConcurrentLinkedQueue$Itr::next (20 bytes)
Event: 112.418 Thread 0x00007f5ad00c0000 nmethod 4277 0x00007f5ac1002b10 code [0x00007f5ac1002ca0, 0x00007f5ac1002f18]

GC Heap History (10 events):
Event: 23.635 GC heap after
Heap after GC invocations=4 (full 0):
 PSYoungGen      total 36864K, used 5104K [0x00000000d6d80000, 0x00000000db580000, 0x0000000100000000)
  eden space 31744K, 0% used [0x00000000d6d80000,0x00000000d6d80000,0x00000000d8c80000)
  from space 5120K, 99% used [0x00000000d9180000,0x00000000d967c030,0x00000000d9680000)
  to   space 5120K, 0% used [0x00000000d8c80000,0x00000000d8c80000,0x00000000d9180000)
 ParOldGen       total 84992K, used 7386K [0x0000000084800000, 0x0000000089b00000, 0x00000000d6d80000)
  object space 84992K, 8% used [0x0000000084800000,0x0000000084f36b78,0x0000000089b00000)
 Metaspace       used 15411K, capacity 15644K, committed 15872K, reserved 1062912K
  class space    used 1875K, capacity 1975K, committed 2048K, reserved 1048576K
}
Event: 26.971 GC heap before
{Heap before GC invocations=5 (full 0):
 PSYoungGen      total 36864K, used 36848K [0x00000000d6d80000, 0x00000000db580000, 0x0000000100000000)
  eden space 31744K, 100% used [0x00000000d6d80000,0x00000000d8c80000,0x00000000d8c80000)
  from space 5120K, 99% used [0x00000000d9180000,0x00000000d967c030,0x00000000d9680000)
  to   space 5120K, 0% used [0x00000000d8c80000,0x00000000d8c80000,0x00000000d9180000)
 ParOldGen       total 84992K, used 7386K [0x0000000084800000, 0x0000000089b00000, 0x00000000d6d80000)
  object space 84992K, 8% used [0x0000000084800000,0x0000000084f36b78,0x0000000089b00000)
 Metaspace       used 15738K, capacity 15964K, committed 16128K, reserved 1062912K
  class space    used 1893K, capacity 1975K, committed 2048K, reserved 1048576K
Event: 27.036 GC heap after
Heap after GC invocations=5 (full 0):
 PSYoungGen      total 36864K, used 5104K [0x00000000d6d80000, 0x00000000dc080000, 0x0000000100000000)
  eden space 31744K, 0% used [0x00000000d6d80000,0x00000000d6d80000,0x00000000d8c80000)
  from space 5120K, 99% used [0x00000000d8c80000,0x00000000d917c010,0x00000000d9180000)
  to   space 10752K, 0% used [0x00000000db600000,0x00000000db600000,0x00000000dc080000)
 ParOldGen       total 84992K, used 11292K [0x0000000084800000, 0x0000000089b00000, 0x00000000d6d80000)
  object space 84992K, 13% used [0x0000000084800000,0x00000000853070a0,0x0000000089b00000)
 Metaspace       used 15738K, capacity 15964K, committed 16128K, reserved 1062912K
  class space    used 1893K, capacity 1975K, committed 2048K, reserved 1048576K
}
Event: 29.936 GC heap before
{Heap before GC invocations=6 (full 0):
 PSYoungGen      total 36864K, used 36848K [0x00000000d6d80000, 0x00000000dc080000, 0x0000000100000000)
  eden space 31744K, 100% used [0x00000000d6d80000,0x00000000d8c80000,0x00000000d8c80000)
  from space 5120K, 99% used [0x00000000d8c80000,0x00000000d917c010,0x00000000d9180000)
  to   space 10752K, 0% used [0x00000000db600000,0x00000000db600000,0x00000000dc080000)
 ParOldGen       total 84992K, used 11292K [0x0000000084800000, 0x0000000089b00000, 0x00000000d6d80000)
  object space 84992K, 13% used [0x0000000084800000,0x00000000853070a0,0x0000000089b00000)
 Metaspace       used 15923K, capacity 16204K, committed 16384K, reserved 1062912K
  class space    used 1908K, capacity 2009K, committed 2048K, reserved 1048576K
Event: 30.063 GC heap after
Heap after GC invocations=6 (full 0):
 PSYoungGen      total 73728K, used 8963K [0x00000000d6d80000, 0x00000000dc180000, 0x0000000100000000)
  eden space 62976K, 0% used [0x00000000d6d80000,0x00000000d6d80000,0x00000000dab00000)
  from space 10752K, 83% used [0x00000000db600000,0x00000000dbec0fd8,0x00000000dc080000)
  to   space 11264K, 0% used [0x00000000dab00000,0x00000000dab00000,0x00000000db600000)
 ParOldGen       total 84992K, used 11292K [0x0000000084800000, 0x0000000089b00000, 0x00000000d6d80000)
  object space 84992K, 13% used [0x0000000084800000,0x00000000853070a0,0x0000000089b00000)
 Metaspace       used 15923K, capacity 16204K, committed 16384K, reserved 1062912K
  class space    used 1908K, capacity 2009K, committed 2048K, reserved 1048576K
}
Event: 35.356 GC heap before
{Heap before GC invocations=7 (full 0):
 PSYoungGen      total 73728K, used 71939K [0x00000000d6d80000, 0x00000000dc180000, 0x0000000100000000)
  eden space 62976K, 100% used [0x00000000d6d80000,0x00000000dab00000,0x00000000dab00000)
  from space 10752K, 83% used [0x00000000db600000,0x00000000dbec0fd8,0x00000000dc080000)
  to   space 11264K, 0% used [0x00000000dab00000,0x00000000dab00000,0x00000000db600000)
 ParOldGen       total 84992K, used 11292K [0x0000000084800000, 0x0000000089b00000, 0x00000000d6d80000)
  object space 84992K, 13% used [0x0000000084800000,0x00000000853070a0,0x0000000089b00000)
 Metaspace       used 16267K, capacity 16560K, committed 16896K, reserved 1064960K
  class space    used 1913K, capacity 2015K, committed 2048K, reserved 1048576K
Event: 35.485 GC heap after
Heap after GC invocations=7 (full 0):
 PSYoungGen      total 74240K, used 11248K [0x00000000d6d80000, 0x00000000e0380000, 0x0000000100000000)
  eden space 62976K, 0% used [0x00000000d6d80000,0x00000000d6d80000,0x00000000dab00000)
  from space 11264K, 99% used [0x00000000dab00000,0x00000000db5fc010,0x00000000db600000)
  to   space 13824K, 0% used [0x00000000df600000,0x00000000df600000,0x00000000e0380000)
 ParOldGen       total 84992K, used 13934K [0x0000000084800000, 0x0000000089b00000, 0x00000000d6d80000)
  object space 84992K, 16% used [0x0000000084800000,0x000000008559b940,0x0000000089b00000)
 Metaspace       used 16267K, capacity 16560K, committed 16896K, reserved 1064960K
  class space    used 1913K, capacity 2015K, committed 2048K, reserved 1048576K
}
Event: 43.340 GC heap before
{Heap before GC invocations=8 (full 0):
 PSYoungGen      total 74240K, used 74224K [0x00000000d6d80000, 0x00000000e0380000, 0x0000000100000000)
  eden space 62976K, 100% used [0x00000000d6d80000,0x00000000dab00000,0x00000000dab00000)
  from space 11264K, 99% used [0x00000000dab00000,0x00000000db5fc010,0x00000000db600000)
  to   space 13824K, 0% used [0x00000000df600000,0x00000000df600000,0x00000000e0380000)
 ParOldGen       total 84992K, used 13934K [0x0000000084800000, 0x0000000089b00000, 0x00000000d6d80000)
  object space 84992K, 16% used [0x0000000084800000,0x000000008559b940,0x0000000089b00000)
 Metaspace       used 17440K, capacity 17774K, committed 18048K, reserved 1064960K
  class space    used 2026K, capacity 2120K, committed 2176K, reserved 1048576K
Event: 43.610 GC heap after
Heap after GC invocations=8 (full 0):
 PSYoungGen      total 138240K, used 13577K [0x00000000d6d80000, 0x00000000e0680000, 0x0000000100000000)
  eden space 124416K, 0% used [0x00000000d6d80000,0x00000000d6d80000,0x00000000de700000)
  from space 13824K, 98% used [0x00000000df600000,0x00000000e03425a0,0x00000000e0380000)
  to   space 15360K, 0% used [0x00000000de700000,0x00000000de700000,0x00000000df600000)
 ParOldGen       total 84992K, used 15534K [0x0000000084800000, 0x0000000089b00000, 0x00000000d6d80000)
  object space 84992K, 18% used [0x0000000084800000,0x000000008572b960,0x0000000089b00000)
 Metaspace       used 17440K, capacity 17774K, committed 18048K, reserved 1064960K
  class space    used 2026K, capacity 2120K, committed 2176K, reserved 1048576K
}
Event: 113.181 GC heap before
{Heap before GC invocations=9 (full 0):
 PSYoungGen      total 138240K, used 115179K [0x00000000d6d80000, 0x00000000e0680000, 0x0000000100000000)
  eden space 124416K, 81% used [0x00000000d6d80000,0x00000000dd0b8920,0x00000000de700000)
  from space 13824K, 98% used [0x00000000df600000,0x00000000e03425a0,0x00000000e0380000)
  to   space 15360K, 0% used [0x00000000de700000,0x00000000de700000,0x00000000df600000)
 ParOldGen       total 84992K, used 15534K [0x0000000084800000, 0x0000000089b00000, 0x00000000d6d80000)
  object space 84992K, 18% used [0x0000000084800000,0x000000008572b960,0x0000000089b00000)
 Metaspace       used 20493K, capacity 21074K, committed 21248K, reserved 1069056K
  class space    used 2324K, capacity 2535K, committed 2560K, reserved 1048576K

Deoptimization events (10 events):
Event: 56.938 Thread 0x00007f5ad000a800 Uncommon trap: reason=class_check action=maybe_recompile pc=0x00007f5ac0f38c40 method=java.util.Collections$UnmodifiableMap$UnmodifiableEntrySet$UnmodifiableEntry.getKey()Ljava/lang/Object; @ 4
Event: 56.938 Thread 0x00007f5ad000a800 Uncommon trap: reason=class_check action=maybe_recompile pc=0x00007f5ac1051940 method=java.util.Collections$UnmodifiableMap$UnmodifiableEntrySet$UnmodifiableEntry.getValue()Ljava/lang/Object; @ 4
Event: 56.938 Thread 0x00007f5ad000a800 Uncommon trap: reason=class_check action=maybe_recompile pc=0x00007f5ac17118cc method=java.util.Collections$UnmodifiableMap$UnmodifiableEntrySet$1.hasNext()Z @ 4
Event: 56.938 Thread 0x00007f5ad000a800 Uncommon trap: reason=class_check action=maybe_recompile pc=0x00007f5ac0f9d148 method=java.util.Collections$UnmodifiableMap$UnmodifiableEntrySet$1.next()Ljava/util/Map$Entry; @ 8
Event: 56.938 Thread 0x00007f5ad000a800 Uncommon trap: reason=class_check action=maybe_recompile pc=0x00007f5ac0f38c40 method=java.util.Collections$UnmodifiableMap$UnmodifiableEntrySet$UnmodifiableEntry.getKey()Ljava/lang/Object; @ 4
Event: 56.938 Thread 0x00007f5ad000a800 Uncommon trap: reason=class_check action=maybe_recompile pc=0x00007f5ac1051940 method=java.util.Collections$UnmodifiableMap$UnmodifiableEntrySet$UnmodifiableEntry.getValue()Ljava/lang/Object; @ 4
Event: 56.938 Thread 0x00007f5ad000a800 Uncommon trap: reason=class_check action=maybe_recompile pc=0x00007f5ac17118cc method=java.util.Collections$UnmodifiableMap$UnmodifiableEntrySet$1.hasNext()Z @ 4
Event: 56.938 Thread 0x00007f5ad000a800 Uncommon trap: reason=class_check action=maybe_recompile pc=0x00007f5ac0f9d148 method=java.util.Collections$UnmodifiableMap$UnmodifiableEntrySet$1.next()Ljava/util/Map$Entry; @ 8
Event: 56.938 Thread 0x00007f5ad000a800 Uncommon trap: reason=class_check action=maybe_recompile pc=0x00007f5ac0f38c40 method=java.util.Collections$UnmodifiableMap$UnmodifiableEntrySet$UnmodifiableEntry.getKey()Ljava/lang/Object; @ 4
Event: 56.938 Thread 0x00007f5ad000a800 Uncommon trap: reason=class_check action=maybe_recompile pc=0x00007f5ac1051940 method=java.util.Collections$UnmodifiableMap$UnmodifiableEntrySet$UnmodifiableEntry.getValue()Ljava/lang/Object; @ 4

Classes redefined (0 events):
No events

Internal exceptions (10 events):
Event: 19.686 Thread 0x00007f5ad000a800 Implicit null exception at 0x00007f5ac0fea5f6 to 0x00007f5ac0fea9a9
Event: 21.057 Thread 0x00007f5ad000a800 Implicit null exception at 0x00007f5ac13b9a9e to 0x00007f5ac13ba409
Event: 26.408 Thread 0x00007f5ad000a800 Implicit null exception at 0x00007f5ac1181f35 to 0x00007f5ac1182111
Event: 26.408 Thread 0x00007f5ad000a800 Implicit null exception at 0x00007f5ac11a936f to 0x00007f5ac11a93d9
Event: 26.559 Thread 0x00007f5ad000a800 Implicit null exception at 0x00007f5ac15a02be to 0x00007f5ac15a0d7d
Event: 38.399 Thread 0x00007f5ad000a800 Implicit null exception at 0x00007f5ac1835bb4 to 0x00007f5ac1838511
Event: 51.307 Thread 0x00007f5ad0101800 Implicit null exception at 0x00007f5ac19edcdd to 0x00007f5ac19eebf1
Event: 51.313 Thread 0x00007f5ad000a800 Exception <a 'java/lang/NoSuchMethodError': org.apache.maven.execution.MavenExecutionRequest.getFailureBehavior()Ljava/lang/String;> (0x00000000d97aa2c0) thrown at [/HUDSON/workspace/8-2-build-linux-amd64/jdk8u221/13320/hotspot/src/share/vm/interpreter/li
Event: 58.066 Thread 0x00007f5ad000a800 Exception <a 'java/lang/NoSuchFieldError': method resolution failed> (0x00000000dc9691e0) thrown at [/HUDSON/workspace/8-2-build-linux-amd64/jdk8u221/13320/hotspot/src/share/vm/prims/methodHandles.cpp, line 1167]
Event: 58.148 Thread 0x00007f5ad000a800 Exception <a 'java/lang/NoSuchFieldError': method resolution failed> (0x00000000dc976930) thrown at [/HUDSON/workspace/8-2-build-linux-amd64/jdk8u221/13320/hotspot/src/share/vm/prims/methodHandles.cpp, line 1167]

Events (10 events):
Event: 112.418 Thread 0x00007f5ad00c0000 flushing nmethod 0x00007f5ac1244390
Event: 113.132 loading class org/apache/maven/plugin/surefire/report/TestSetRunListener
Event: 113.132 loading class org/apache/maven/plugin/surefire/report/TestSetRunListener done
Event: 113.132 loading class org/apache/maven/plugin/surefire/report/TestSetRunListener
Event: 113.132 loading class org/apache/maven/plugin/surefire/report/TestSetRunListener done
Event: 113.132 loading class org/apache/maven/plugin/surefire/report/TestSetRunListener
Event: 113.132 loading class org/apache/maven/plugin/surefire/report/TestSetRunListener done
Event: 113.132 loading class org/apache/maven/plugin/surefire/report/TestSetRunListener
Event: 113.132 loading class org/apache/maven/plugin/surefire/report/TestSetRunListener done
Event: 113.175 Executing VM operation: CollectForMetadataAllocation


Dynamic libraries:
00400000-00401000 r-xp 00000000 08:05 1143237                            /home/fadeil/java/jdk1.8.0_221/bin/java
00600000-00601000 r--p 00000000 08:05 1143237                            /home/fadeil/java/jdk1.8.0_221/bin/java
00601000-00602000 rw-p 00001000 08:05 1143237                            /home/fadeil/java/jdk1.8.0_221/bin/java
00ee6000-00f07000 rw-p 00000000 00:00 0                                  [heap]
84800000-89b00000 rw-p 00000000 00:00 0 
89b00000-d6d80000 ---p 00000000 00:00 0 
d6d80000-e0680000 rw-p 00000000 00:00 0 
e4f00000-100000000 ---p 00000000 00:00 0 
100000000-100280000 rw-p 00000000 00:00 0 
100280000-140000000 ---p 00000000 00:00 0 
7f5a4c000000-7f5a4c021000 rw-p 00000000 00:00 0 
7f5a4c021000-7f5a50000000 ---p 00000000 00:00 0 
7f5a54000000-7f5a54021000 rw-p 00000000 00:00 0 
7f5a54021000-7f5a58000000 ---p 00000000 00:00 0 
7f5a58000000-7f5a58021000 rw-p 00000000 00:00 0 
7f5a58021000-7f5a5c000000 ---p 00000000 00:00 0 
7f5a5c000000-7f5a5c021000 rw-p 00000000 00:00 0 
7f5a5c021000-7f5a60000000 ---p 00000000 00:00 0 
7f5a60000000-7f5a60021000 rw-p 00000000 00:00 0 
7f5a60021000-7f5a64000000 ---p 00000000 00:00 0 
7f5a64000000-7f5a64021000 rw-p 00000000 00:00 0 
7f5a64021000-7f5a68000000 ---p 00000000 00:00 0 
7f5a68000000-7f5a68021000 rw-p 00000000 00:00 0 
7f5a68021000-7f5a6c000000 ---p 00000000 00:00 0 
7f5a6c000000-7f5a6c021000 rw-p 00000000 00:00 0 
7f5a6c021000-7f5a70000000 ---p 00000000 00:00 0 
7f5a70000000-7f5a70021000 rw-p 00000000 00:00 0 
7f5a70021000-7f5a74000000 ---p 00000000 00:00 0 
7f5a74000000-7f5a74021000 rw-p 00000000 00:00 0 
7f5a74021000-7f5a78000000 ---p 00000000 00:00 0 
7f5a78000000-7f5a78021000 rw-p 00000000 00:00 0 
7f5a78021000-7f5a7c000000 ---p 00000000 00:00 0 
7f5a7c000000-7f5a7c021000 rw-p 00000000 00:00 0 
7f5a7c021000-7f5a80000000 ---p 00000000 00:00 0 
7f5a80cc3000-7f5a80cc6000 ---p 00000000 00:00 0 
7f5a80cc6000-7f5a80dc4000 rw-p 00000000 00:00 0 
7f5a80dc4000-7f5a80dc7000 ---p 00000000 00:00 0 
7f5a80dc7000-7f5a80ec5000 rw-p 00000000 00:00 0 
7f5a80ec5000-7f5a80ec8000 ---p 00000000 00:00 0 
7f5a80ec8000-7f5a80fc6000 rw-p 00000000 00:00 0 
7f5a80fc6000-7f5a80fc9000 ---p 00000000 00:00 0 
7f5a80fc9000-7f5a84000000 rw-p 00000000 00:00 0 
7f5a84000000-7f5a84021000 rw-p 00000000 00:00 0 
7f5a84021000-7f5a88000000 ---p 00000000 00:00 0 
7f5a88000000-7f5a88021000 rw-p 00000000 00:00 0 
7f5a88021000-7f5a8c000000 ---p 00000000 00:00 0 
7f5a8c000000-7f5a8d6ba000 rw-p 00000000 00:00 0 
7f5a8d6ba000-7f5a90000000 ---p 00000000 00:00 0 
7f5a90000000-7f5a90c66000 rw-p 00000000 00:00 0 
7f5a90c66000-7f5a94000000 ---p 00000000 00:00 0 
7f5a94000000-7f5a94021000 rw-p 00000000 00:00 0 
7f5a94021000-7f5a98000000 ---p 00000000 00:00 0 
7f5a98000000-7f5a98d2a000 rw-p 00000000 00:00 0 
7f5a98d2a000-7f5a9c000000 ---p 00000000 00:00 0 
7f5a9c000000-7f5a9c021000 rw-p 00000000 00:00 0 
7f5a9c021000-7f5aa0000000 ---p 00000000 00:00 0 
7f5aa0000000-7f5aa0021000 rw-p 00000000 00:00 0 
7f5aa0021000-7f5aa4000000 ---p 00000000 00:00 0 
7f5aa4000000-7f5aa4021000 rw-p 00000000 00:00 0 
7f5aa4021000-7f5aa8000000 ---p 00000000 00:00 0 
7f5aa8000000-7f5aa829b000 rw-p 00000000 00:00 0 
7f5aa829b000-7f5aac000000 ---p 00000000 00:00 0 
7f5aac000000-7f5aac021000 rw-p 00000000 00:00 0 
7f5aac021000-7f5ab0000000 ---p 00000000 00:00 0 
7f5ab0037000-7f5ab0077000 rw-p 00000000 00:00 0 
7f5ab0077000-7f5ab0237000 ---p 00000000 00:00 0 
7f5ab0237000-7f5ab023a000 ---p 00000000 00:00 0 
7f5ab023a000-7f5ab0338000 rw-p 00000000 00:00 0 
7f5ab0338000-7f5ab033b000 ---p 00000000 00:00 0 
7f5ab033b000-7f5ab0439000 rw-p 00000000 00:00 0 
7f5ab0439000-7f5ab043c000 ---p 00000000 00:00 0 
7f5ab043c000-7f5ab053a000 rw-p 00000000 00:00 0 
7f5ab053a000-7f5ab053d000 ---p 00000000 00:00 0 
7f5ab053d000-7f5ab063b000 rw-p 00000000 00:00 0 
7f5ab063b000-7f5ab063e000 ---p 00000000 00:00 0 
7f5ab063e000-7f5ab073c000 rw-p 00000000 00:00 0 
7f5ab073c000-7f5ab073f000 ---p 00000000 00:00 0 
7f5ab073f000-7f5ab083d000 rw-p 00000000 00:00 0 
7f5ab083d000-7f5ab0840000 ---p 00000000 00:00 0 
7f5ab0840000-7f5ab093e000 rw-p 00000000 00:00 0 
7f5ab093e000-7f5ab0941000 ---p 00000000 00:00 0 
7f5ab0941000-7f5ab0a3f000 rw-p 00000000 00:00 0 
7f5ab0a3f000-7f5ab0a46000 r--s 00047000 08:05 3282579                    /home/fadeil/.m2/repository/com/thoughtworks/qdox/qdox/2.0-M8/qdox-2.0-M8.jar
7f5ab0a46000-7f5ab0a47000 r--s 00002000 08:05 1714627                    /home/fadeil/.m2/repository/org/apache/maven/reporting/maven-reporting-api/3.0/maven-reporting-api-3.0.jar
7f5ab0a47000-7f5ab0a49000 r--s 00003000 08:05 1865669                    /home/fadeil/.m2/repository/org/slf4j/jcl-over-slf4j/1.5.6/jcl-over-slf4j-1.5.6.jar
7f5ab0a49000-7f5ab0a4b000 r--s 00001000 08:05 1865665                    /home/fadeil/.m2/repository/org/slf4j/slf4j-jdk14/1.5.6/slf4j-jdk14-1.5.6.jar
7f5ab0a4b000-7f5ab0a4d000 r--s 0000b000 08:05 1709902                    /home/fadeil/.m2/repository/org/codehaus/plexus/plexus-interpolation/1.11/plexus-interpolation-1.11.jar
7f5ab0a4d000-7f5ab0a55000 r--s 00049000 08:05 1865682                    /home/fadeil/.m2/repository/backport-util-concurrent/backport-util-concurrent/3.1/backport-util-concurrent-3.1.jar
7f5ab0a55000-7f5ab0a57000 r--s 00009000 08:05 665967                     /home/fadeil/.m2/repository/org/hamcrest/hamcrest-core/1.3/hamcrest-core-1.3.jar
7f5ab0a57000-7f5ab0a5f000 r--s 00045000 08:05 2632440                    /home/fadeil/.m2/repository/junit/junit/4.12/junit-4.12.jar
7f5ab0a5f000-7f5ab0a63000 r--s 00034000 08:05 1714629                    /home/fadeil/.m2/repository/org/codehaus/plexus/plexus-utils/1.5.15/plexus-utils-1.5.15.jar
7f5ab0a63000-7f5ab0a67000 r--s 0003f000 08:05 1843352                    /home/fadeil/.m2/repository/org/apache/maven/surefire/surefire-booter/2.22.2/surefire-booter-2.22.2.jar
7f5ab0a67000-7f5ab0a69000 r--s 00002000 08:05 1843350                    /home/fadeil/.m2/repository/org/apache/maven/surefire/surefire-logger-api/2.22.2/surefire-logger-api-2.22.2.jar
7f5ab0a69000-7f5ab0a6e000 r--s 00029000 08:05 1843346                    /home/fadeil/.m2/repository/org/apache/maven/surefire/surefire-api/2.22.2/surefire-api-2.22.2.jar
7f5ab0a6e000-7f5ab0a6f000 r--s 00003000 08:05 1577780                    /home/fadeil/.m2/repository/org/apache/maven/plugin-tools/maven-plugin-annotations/3.5.2/maven-plugin-annotations-3.5.2.jar
7f5ab0a6f000-7f5ab0a78000 r--s 00078000 08:05 1843344                    /home/fadeil/.m2/repository/org/apache/maven/surefire/maven-surefire-common/2.22.2/maven-surefire-common-2.22.2.jar
7f5ab0a78000-7f5ab0c78000 rw-p 00000000 00:00 0 
7f5ab0c78000-7f5ab0c7a000 r--s 00004000 08:05 663705                     /home/fadeil/.m2/repository/org/codehaus/plexus/plexus-compiler-javac/2.8.4/plexus-compiler-javac-2.8.4.jar
7f5ab0c7a000-7f5ab0c7c000 r--s 00000000 08:05 663703                     /home/fadeil/.m2/repository/org/codehaus/plexus/plexus-compiler-manager/2.8.4/plexus-compiler-manager-2.8.4.jar
7f5ab0c7c000-7f5ab0c7e000 r--s 00005000 08:05 663701                     /home/fadeil/.m2/repository/org/codehaus/plexus/plexus-compiler-api/2.8.4/plexus-compiler-api-2.8.4.jar
7f5ab0c7e000-7f5ab0c85000 r--s 00047000 08:05 141084                     /home/fadeil/.m2/repository/com/thoughtworks/qdox/qdox/2.0-M9/qdox-2.0-M9.jar
7f5ab0c85000-7f5ab0c87000 r--s 0001a000 08:05 663699                     /home/fadeil/.m2/repository/org/ow2/asm/asm/6.2/asm-6.2.jar
7f5ab0c87000-7f5ab0c89000 r--s 00008000 08:05 2771960                    /home/fadeil/.m2/repository/org/codehaus/plexus/plexus-java/0.9.10/plexus-java-0.9.10.jar
7f5ab0c89000-7f5ab0c8b000 r--s 00002000 08:05 1710651                    /home/fadeil/.m2/repository/org/apache/maven/shared/maven-shared-incremental/1.1/maven-shared-incremental-1.1.jar
7f5ab0c8b000-7f5ab0c8e000 r--s 00026000 08:05 1709074                    /home/fadeil/.m2/repository/org/apache/maven/shared/maven-shared-utils/3.2.1/maven-shared-utils-3.2.1.jar
7f5ab0c8e000-7f5ab0c90000 r--s 0000d000 08:05 2235379                    /home/fadeil/.m2/repository/org/codehaus/plexus/plexus-interpolation/1.14/plexus-interpolation-1.14.jar
7f5ab0c90000-7f5ab0c94000 r--s 00033000 08:05 2771956                    /home/fadeil/.m2/repository/org/codehaus/plexus/plexus-utils/2.0.4/plexus-utils-2.0.4.jar
7f5ab0c94000-7f5ab0c96000 r--s 0000e000 08:05 1736308                    /home/fadeil/.m2/repository/org/apache/maven/plugins/maven-compiler-plugin/3.8.1/maven-compiler-plugin-3.8.1.jar
7f5ab0c96000-7f5ab0c99000 r--s 00011000 08:05 2371452                    /home/fadeil/.m2/repository/org/codehaus/plexus/plexus-interpolation/1.24/plexus-interpolation-1.24.jar
7f5ab0c99000-7f5ab0c9d000 r--s 0002f000 08:05 2235381                    /home/fadeil/.m2/repository/commons-io/commons-io/2.5/commons-io-2.5.jar
7f5ab0c9d000-7f5ab0c9f000 r--s 00001000 08:05 1851418                    /home/fadeil/.m2/repository/org/sonatype/plexus/plexus-build-api/0.0.7/plexus-build-api-0.0.7.jar
7f5ab0c9f000-7f5ab0ca1000 r--s 00006000 08:05 1710649                    /home/fadeil/.m2/repository/com/google/code/findbugs/jsr305/2.0.1/jsr305-2.0.1.jar
7f5ab0ca1000-7f5ab0ca4000 r--s 00023000 08:05 1707287                    /home/fadeil/.m2/repository/org/apache/maven/shared/maven-shared-utils/3.0.0/maven-shared-utils-3.0.0.jar
7f5ab0ca4000-7f5ab0ca6000 r--s 0000b000 08:05 2235526                    /home/fadeil/.m2/repository/org/apache/maven/shared/maven-filtering/3.1.1/maven-filtering-3.1.1.jar
7f5ab0ca6000-7f5ab0caa000 r--s 0003c000 08:05 2772128                    /home/fadeil/.m2/repository/org/codehaus/plexus/plexus-utils/3.1.0/plexus-utils-3.1.0.jar
7f5ab0caa000-7f5ab0cb5000 r--s 00069000 08:05 663066                     /home/fadeil/.m2/repository/org/sonatype/sisu/sisu-guice/2.1.7/sisu-guice-2.1.7-noaop.jar
7f5ab0cb5000-7f5ab0eb5000 rw-p 00000000 00:00 0 
7f5ab0eb5000-7f5ab10b5000 rw-p 00000000 00:00 0 
7f5ab10b5000-7f5ab12b5000 rw-p 00000000 00:00 0 
7f5ab12b5000-7f5ab14b5000 rw-p 00000000 00:00 0 
7f5ab14b5000-7f5ab14b6000 r--p 00000000 08:05 341667                     /usr/lib/x86_64-linux-gnu/libutil-2.30.so
7f5ab14b6000-7f5ab14b7000 r-xp 00001000 08:05 341667                     /usr/lib/x86_64-linux-gnu/libutil-2.30.so
7f5ab14b7000-7f5ab14b8000 r--p 00002000 08:05 341667                     /usr/lib/x86_64-linux-gnu/libutil-2.30.so
7f5ab14b8000-7f5ab14b9000 r--p 00002000 08:05 341667                     /usr/lib/x86_64-linux-gnu/libutil-2.30.so
7f5ab14b9000-7f5ab14ba000 rw-p 00003000 08:05 341667                     /usr/lib/x86_64-linux-gnu/libutil-2.30.so
7f5ab14ba000-7f5ab14bb000 r--s 00009000 08:05 1971696                    /home/fadeil/.m2/repository/org/apache/maven/plugins/maven-surefire-plugin/2.22.2/maven-surefire-plugin-2.22.2.jar
7f5ab14bb000-7f5ab14bd000 r--s 00002000 08:05 1851314                    /home/fadeil/.m2/repository/org/sonatype/plexus/plexus-cipher/1.4/plexus-cipher-1.4.jar
7f5ab14bd000-7f5ab14be000 r--s 00006000 08:05 1836631                    /home/fadeil/.m2/repository/org/sonatype/plexus/plexus-sec-dispatcher/1.3/plexus-sec-dispatcher-1.3.jar
7f5ab14be000-7f5ab14c0000 r--s 00000000 08:05 663697                     /home/fadeil/.m2/repository/org/codehaus/plexus/plexus-component-annotations/1.7.1/plexus-component-annotations-1.7.1.jar
7f5ab14c0000-7f5ab14c4000 r--s 00017000 08:05 663074                     /home/fadeil/.m2/repository/org/sonatype/aether/aether-util/1.7/aether-util-1.7.jar
7f5ab14c4000-7f5ab14c9000 r--s 00021000 08:05 663064                     /home/fadeil/.m2/repository/org/sonatype/sisu/sisu-inject-bean/1.4.2/sisu-inject-bean-1.4.2.jar
7f5ab14c9000-7f5ab14ca000 r--s 00007000 08:05 1582058                    /home/fadeil/.m2/repository/org/apache/maven/plugins/maven-resources-plugin/3.1.0/maven-resources-plugin-3.1.0.jar
7f5ab14ca000-7f5ab14cb000 r--s 00001000 08:05 355952                     /app/extra/idea-IU/plugins/maven/lib/maven-event-listener.jar
7f5ab14cb000-7f5ab14ce000 r-xp 00000000 08:05 1127412                    /home/fadeil/.var/app/com.jetbrains.IntelliJ-IDEA-Ultimate/cache/tmp/libjansi-1.17.1-2924802929776870115.so
7f5ab14ce000-7f5ab16cd000 ---p 00003000 08:05 1127412                    /home/fadeil/.var/app/com.jetbrains.IntelliJ-IDEA-Ultimate/cache/tmp/libjansi-1.17.1-2924802929776870115.so
7f5ab16cd000-7f5ab16ce000 rw-p 00002000 08:05 1127412                    /home/fadeil/.var/app/com.jetbrains.IntelliJ-IDEA-Ultimate/cache/tmp/libjansi-1.17.1-2924802929776870115.so
7f5ab16ce000-7f5ab16e4000 r-xp 00000000 08:05 1143477                    /home/fadeil/java/jdk1.8.0_221/jre/lib/amd64/libnet.so
7f5ab16e4000-7f5ab18e3000 ---p 00016000 08:05 1143477                    /home/fadeil/java/jdk1.8.0_221/jre/lib/amd64/libnet.so
7f5ab18e3000-7f5ab18e4000 r--p 00015000 08:05 1143477                    /home/fadeil/java/jdk1.8.0_221/jre/lib/amd64/libnet.so
7f5ab18e4000-7f5ab18e5000 rw-p 00016000 08:05 1143477                    /home/fadeil/java/jdk1.8.0_221/jre/lib/amd64/libnet.so
7f5ab18e5000-7f5ab18f6000 r-xp 00000000 08:05 1143532                    /home/fadeil/java/jdk1.8.0_221/jre/lib/amd64/libnio.so
7f5ab18f6000-7f5ab1af5000 ---p 00011000 08:05 1143532                    /home/fadeil/java/jdk1.8.0_221/jre/lib/amd64/libnio.so
7f5ab1af5000-7f5ab1af6000 r--p 00010000 08:05 1143532                    /home/fadeil/java/jdk1.8.0_221/jre/lib/amd64/libnio.so
7f5ab1af6000-7f5ab1af7000 rw-p 00011000 08:05 1143532                    /home/fadeil/java/jdk1.8.0_221/jre/lib/amd64/libnio.so
7f5ab1af7000-7f5ab1afc000 r--s 000a3000 08:05 1143314                    /home/fadeil/java/jdk1.8.0_221/jre/lib/jsse.jar
7f5ab1afc000-7f5ab1afd000 r--s 00003000 08:05 807999                     /apache-maven/apache-maven-3.5.4/lib/maven-builder-support-3.5.4.jar
7f5ab1afd000-7f5ab1b00000 r--s 00008000 08:05 808011                     /apache-maven/apache-maven-3.5.4/lib/cdi-api-1.0.jar
7f5ab1b00000-7f5ab1b0d000 r--s 0008d000 08:05 808005                     /apache-maven/apache-maven-3.5.4/lib/maven-core-3.5.4.jar
7f5ab1b0d000-7f5ab1b10000 r--s 00016000 08:05 807995                     /apache-maven/apache-maven-3.5.4/lib/maven-embedder-3.5.4.jar
7f5ab1b10000-7f5ab1b14000 r--s 00023000 08:05 808020                     /apache-maven/apache-maven-3.5.4/lib/maven-resolver-util-1.1.1.jar
7f5ab1b14000-7f5ab1b17000 r--s 00011000 08:05 808001                     /apache-maven/apache-maven-3.5.4/lib/plexus-interpolation-1.24.jar
7f5ab1b17000-7f5ab1b22000 r--s 00075000 08:05 808024                     /apache-maven/apache-maven-3.5.4/lib/guice-4.2.0-no_aop.jar
7f5ab1b22000-7f5ab1b51000 r--s 00226000 08:05 808016                     /apache-maven/apache-maven-3.5.4/lib/guava-20.0.jar
7f5ab1b51000-7f5ab1b52000 r--s 00005000 08:05 808035                     /apache-maven/apache-maven-3.5.4/lib/maven-slf4j-provider-3.5.4.jar
7f5ab1b52000-7f5ab1b54000 r--s 00009000 08:05 808026                     /apache-maven/apache-maven-3.5.4/lib/slf4j-api-1.7.25.jar
7f5ab1b54000-7f5ab1b59000 r--s 00027000 08:05 808015                     /apache-maven/apache-maven-3.5.4/lib/maven-model-builder-3.5.4.jar
7f5ab1b59000-7f5ab1b5b000 r--s 0000a000 08:05 808009                     /apache-maven/apache-maven-3.5.4/lib/maven-plugin-api-3.5.4.jar
7f5ab1b5b000-7f5ab1b88000 r--s 001de000 08:05 808030                     /apache-maven/apache-maven-3.5.4/lib/wagon-http-3.1.0-shaded.jar
7f5ab1b88000-7f5ab1b89000 ---p 00000000 00:00 0 
7f5ab1b89000-7f5ab1c89000 rw-p 00000000 00:00 0 
7f5ab1c89000-7f5ab1c8c000 ---p 00000000 00:00 0 
7f5ab1c8c000-7f5ab1d8a000 rw-p 00000000 00:00 0 
7f5ab1d8a000-7f5ab1d8b000 ---p 00000000 00:00 0 
7f5ab1d8b000-7f5ab1d8e000 ---p 00000000 00:00 0 
7f5ab1d8e000-7f5ab1e8b000 rw-p 00000000 00:00 0 
7f5ab1e8b000-7f5ab1e8c000 ---p 00000000 00:00 0 
7f5ab1e8c000-7f5ab1e8f000 ---p 00000000 00:00 0 
7f5ab1e8f000-7f5ab1f8c000 rw-p 00000000 00:00 0 
7f5ab1f8c000-7f5ab1f8d000 ---p 00000000 00:00 0 
7f5ab1f8d000-7f5ab1f90000 ---p 00000000 00:00 0 
7f5ab1f90000-7f5ab208d000 rw-p 00000000 00:00 0 
7f5ab208d000-7f5ab2090000 ---p 00000000 00:00 0 
7f5ab2090000-7f5ab218e000 rw-p 00000000 00:00 0 
7f5ab218e000-7f5ab2191000 ---p 00000000 00:00 0 
7f5ab2191000-7f5ab228f000 rw-p 00000000 00:00 0 
7f5ab228f000-7f5ab2292000 ---p 00000000 00:00 0 
7f5ab2292000-7f5ab2390000 rw-p 00000000 00:00 0 
7f5ab2390000-7f5ab2391000 ---p 00000000 00:00 0 
7f5ab2391000-7f5ab4000000 rw-p 00000000 00:00 0 
7f5ab4000000-7f5ab4021000 rw-p 00000000 00:00 0 
7f5ab4021000-7f5ab8000000 ---p 00000000 00:00 0 
7f5ab8000000-7f5ab8004000 r--s 00042000 08:05 808036                     /apache-maven/apache-maven-3.5.4/lib/jansi-1.17.1.jar
7f5ab8004000-7f5ab8008000 r--s 0002f000 08:05 808023                     /apache-maven/apache-maven-3.5.4/lib/commons-io-2.5.jar
7f5ab8008000-7f5ab800a000 r--s 00000000 08:05 808002                     /apache-maven/apache-maven-3.5.4/lib/plexus-component-annotations-1.7.1.jar
7f5ab800a000-7f5ab800c000 r--s 0000c000 08:05 808008                     /apache-maven/apache-maven-3.5.4/lib/maven-artifact-3.5.4.jar
7f5ab800c000-7f5ab800e000 r--s 00006000 08:05 808034                     /apache-maven/apache-maven-3.5.4/lib/maven-resolver-transport-wagon-1.1.1.jar
7f5ab800e000-7f5ab8014000 r--s 0002d000 08:05 808010                     /apache-maven/apache-maven-3.5.4/lib/org.eclipse.sisu.plexus-0.3.3.jar
7f5ab8014000-7f5ab8016000 r--s 00000000 08:05 808025                     /apache-maven/apache-maven-3.5.4/lib/aopalliance-1.0.jar
7f5ab8016000-7f5ab8066000 rw-p 00000000 00:00 0 
7f5ab8066000-7f5ab8240000 r--s 03d88000 08:05 1143299                    /home/fadeil/java/jdk1.8.0_221/jre/lib/rt.jar
7f5ab8240000-7f5abc000000 rw-p 00000000 00:00 0 
7f5abc000000-7f5abc021000 rw-p 00000000 00:00 0 
7f5abc021000-7f5ac0000000 ---p 00000000 00:00 0 
7f5ac0000000-7f5ac0001000 r--s 00002000 08:05 808032                     /apache-maven/apache-maven-3.5.4/lib/wagon-file-3.1.0.jar
7f5ac0001000-7f5ac0003000 r--s 00009000 08:05 807998                     /apache-maven/apache-maven-3.5.4/lib/maven-settings-builder-3.5.4.jar
7f5ac0003000-7f5ac0004000 r--s 00006000 08:05 808007                     /apache-maven/apache-maven-3.5.4/lib/maven-repository-metadata-3.5.4.jar
7f5ac0004000-7f5ac0006000 r--s 00009000 08:05 808033                     /apache-maven/apache-maven-3.5.4/lib/maven-resolver-connector-basic-1.1.1.jar
7f5ac0006000-7f5ac0009000 r--s 00026000 08:05 808006                     /apache-maven/apache-maven-3.5.4/lib/maven-model-3.5.4.jar
7f5ac0009000-7f5ac000b000 r--s 00003000 08:05 808031                     /apache-maven/apache-maven-3.5.4/lib/jcl-over-slf4j-1.7.25.jar
7f5ac000b000-7f5ac000e000 r--s 00026000 08:05 808022                     /apache-maven/apache-maven-3.5.4/lib/maven-shared-utils-3.2.1.jar
7f5ac000e000-7f5ac0012000 r--s 00020000 08:05 808018                     /apache-maven/apache-maven-3.5.4/lib/maven-resolver-api-1.1.1.jar
7f5ac0012000-7f5ac001a000 r--s 0006e000 08:05 808000                     /apache-maven/apache-maven-3.5.4/lib/commons-lang3-3.5.jar
7f5ac001a000-7f5ac00b1000 rw-p 00000000 00:00 0 
7f5ac00b1000-7f5ac00b2000 ---p 00000000 00:00 0 
7f5ac00b2000-7f5ac01b2000 rw-p 00000000 00:00 0 
7f5ac01b2000-7f5ac01b3000 ---p 00000000 00:00 0 
7f5ac01b3000-7f5ac02b3000 rw-p 00000000 00:00 0 
7f5ac02b3000-7f5ac02b4000 ---p 00000000 00:00 0 
7f5ac02b4000-7f5ac03de000 rw-p 00000000 00:00 0 
7f5ac03de000-7f5ac0647000 ---p 00000000 00:00 0 
7f5ac0647000-7f5ac0671000 rw-p 00000000 00:00 0 
7f5ac0671000-7f5ac08d9000 ---p 00000000 00:00 0 
7f5ac08d9000-7f5ac0927000 rw-p 00000000 00:00 0 
7f5ac0927000-7f5ac0a23000 ---p 00000000 00:00 0 
7f5ac0a23000-7f5ac0a58000 rw-p 00000000 00:00 0 
7f5ac0a58000-7f5ac0de4000 ---p 00000000 00:00 0 
7f5ac0de4000-7f5ac1ad4000 rwxp 00000000 00:00 0 
7f5ac1ad4000-7f5acfde4000 ---p 00000000 00:00 0 
7f5acfde4000-7f5acfdff000 r-xp 00000000 08:05 1143496                    /home/fadeil/java/jdk1.8.0_221/jre/lib/amd64/libzip.so
7f5acfdff000-7f5acfffe000 ---p 0001b000 08:05 1143496                    /home/fadeil/java/jdk1.8.0_221/jre/lib/amd64/libzip.so
7f5acfffe000-7f5acffff000 r--p 0001a000 08:05 1143496                    /home/fadeil/java/jdk1.8.0_221/jre/lib/amd64/libzip.so
7f5acffff000-7f5ad0000000 rw-p 0001b000 08:05 1143496                    /home/fadeil/java/jdk1.8.0_221/jre/lib/amd64/libzip.so
7f5ad0000000-7f5ad0b91000 rw-p 00000000 00:00 0 
7f5ad0b91000-7f5ad4000000 ---p 00000000 00:00 0 
7f5ad4000000-7f5ad4001000 r--s 00006000 08:05 808003                     /apache-maven/apache-maven-3.5.4/lib/plexus-sec-dispatcher-1.4.jar
7f5ad4001000-7f5ad4002000 r--s 00001000 08:05 808012                     /apache-maven/apache-maven-3.5.4/lib/jsr250-api-1.0.jar
7f5ad4002000-7f5ad4004000 r--s 0000c000 08:05 808029                     /apache-maven/apache-maven-3.5.4/lib/wagon-provider-api-3.1.0.jar
7f5ad4004000-7f5ad4006000 r--s 0000c000 08:05 808027                     /apache-maven/apache-maven-3.5.4/lib/commons-cli-1.4.jar
7f5ad4006000-7f5ad400c000 r--s 00041000 08:05 808028                     /apache-maven/apache-maven-3.5.4/lib/maven-compat-3.5.4.jar
7f5ad400c000-7f5ad40b6000 rw-p 00000000 00:00 0 
7f5ad40b6000-7f5ad40b7000 ---p 00000000 00:00 0 
7f5ad40b7000-7f5ad41b7000 rw-p 00000000 00:00 0 
7f5ad41b7000-7f5ad41ba000 r--p 00000000 08:05 354891                     /usr/lib/x86_64-linux-gnu/libnss_files-2.30.so
7f5ad41ba000-7f5ad41c1000 r-xp 00003000 08:05 354891                     /usr/lib/x86_64-linux-gnu/libnss_files-2.30.so
7f5ad41c1000-7f5ad41c3000 r--p 0000a000 08:05 354891                     /usr/lib/x86_64-linux-gnu/libnss_files-2.30.so
7f5ad41c3000-7f5ad41c4000 ---p 0000c000 08:05 354891                     /usr/lib/x86_64-linux-gnu/libnss_files-2.30.so
7f5ad41c4000-7f5ad41c5000 r--p 0000c000 08:05 354891                     /usr/lib/x86_64-linux-gnu/libnss_files-2.30.so
7f5ad41c5000-7f5ad41c6000 rw-p 0000d000 08:05 354891                     /usr/lib/x86_64-linux-gnu/libnss_files-2.30.so
7f5ad41c6000-7f5ad41cc000 rw-p 00000000 00:00 0 
7f5ad41cc000-7f5ad41cd000 r--s 00000000 08:05 808013                     /apache-maven/apache-maven-3.5.4/lib/javax.inject-1.jar
7f5ad41cd000-7f5ad41cf000 r--s 0000f000 08:05 808017                     /apache-maven/apache-maven-3.5.4/lib/maven-resolver-provider-3.5.4.jar
7f5ad41cf000-7f5ad41d3000 r--s 0003c000 08:05 807997                     /apache-maven/apache-maven-3.5.4/lib/plexus-utils-3.1.0.jar
7f5ad41d3000-7f5ad41d4000 r--s 0000a000 08:05 807996                     /apache-maven/apache-maven-3.5.4/lib/maven-settings-3.5.4.jar
7f5ad41d4000-7f5ad41d6000 r--s 00007000 08:05 808019                     /apache-maven/apache-maven-3.5.4/lib/maven-resolver-spi-1.1.1.jar
7f5ad41d6000-7f5ad41dd000 r--s 00056000 08:05 808014                     /apache-maven/apache-maven-3.5.4/lib/org.eclipse.sisu.inject-0.3.3.jar
7f5ad41dd000-7f5ad4209000 r-xp 00000000 08:05 1143491                    /home/fadeil/java/jdk1.8.0_221/jre/lib/amd64/libjava.so
7f5ad4209000-7f5ad4409000 ---p 0002c000 08:05 1143491                    /home/fadeil/java/jdk1.8.0_221/jre/lib/amd64/libjava.so
7f5ad4409000-7f5ad440a000 r--p 0002c000 08:05 1143491                    /home/fadeil/java/jdk1.8.0_221/jre/lib/amd64/libjava.so
7f5ad440a000-7f5ad440c000 rw-p 0002d000 08:05 1143491                    /home/fadeil/java/jdk1.8.0_221/jre/lib/amd64/libjava.so
7f5ad440c000-7f5ad4419000 r-xp 00000000 08:05 1143482                    /home/fadeil/java/jdk1.8.0_221/jre/lib/amd64/libverify.so
7f5ad4419000-7f5ad4618000 ---p 0000d000 08:05 1143482                    /home/fadeil/java/jdk1.8.0_221/jre/lib/amd64/libverify.so
7f5ad4618000-7f5ad461a000 r--p 0000c000 08:05 1143482                    /home/fadeil/java/jdk1.8.0_221/jre/lib/amd64/libverify.so
7f5ad461a000-7f5ad461b000 rw-p 0000e000 08:05 1143482                    /home/fadeil/java/jdk1.8.0_221/jre/lib/amd64/libverify.so
7f5ad461b000-7f5ad461d000 r--p 00000000 08:05 285921                     /usr/lib/x86_64-linux-gnu/librt-2.30.so
7f5ad461d000-7f5ad4621000 r-xp 00002000 08:05 285921                     /usr/lib/x86_64-linux-gnu/librt-2.30.so
7f5ad4621000-7f5ad4623000 r--p 00006000 08:05 285921                     /usr/lib/x86_64-linux-gnu/librt-2.30.so
7f5ad4623000-7f5ad4624000 r--p 00007000 08:05 285921                     /usr/lib/x86_64-linux-gnu/librt-2.30.so
7f5ad4624000-7f5ad4625000 rw-p 00008000 08:05 285921                     /usr/lib/x86_64-linux-gnu/librt-2.30.so
7f5ad4625000-7f5ad4626000 ---p 00000000 00:00 0 
7f5ad4626000-7f5ad4629000 ---p 00000000 00:00 0 
7f5ad4629000-7f5ad4726000 rw-p 00000000 00:00 0 
7f5ad4726000-7f5ad4733000 r--p 00000000 08:05 284234                     /usr/lib/x86_64-linux-gnu/libm-2.30.so
7f5ad4733000-7f5ad47d4000 r-xp 0000d000 08:05 284234                     /usr/lib/x86_64-linux-gnu/libm-2.30.so
7f5ad47d4000-7f5ad4871000 r--p 000ae000 08:05 284234                     /usr/lib/x86_64-linux-gnu/libm-2.30.so
7f5ad4871000-7f5ad4872000 r--p 0014a000 08:05 284234                     /usr/lib/x86_64-linux-gnu/libm-2.30.so
7f5ad4872000-7f5ad4873000 rw-p 0014b000 08:05 284234                     /usr/lib/x86_64-linux-gnu/libm-2.30.so
7f5ad4873000-7f5ad555b000 r-xp 00000000 08:05 1143542                    /home/fadeil/java/jdk1.8.0_221/jre/lib/amd64/server/libjvm.so
7f5ad555b000-7f5ad575a000 ---p 00ce8000 08:05 1143542                    /home/fadeil/java/jdk1.8.0_221/jre/lib/amd64/server/libjvm.so
7f5ad575a000-7f5ad57f0000 r--p 00ce7000 08:05 1143542                    /home/fadeil/java/jdk1.8.0_221/jre/lib/amd64/server/libjvm.so
7f5ad57f0000-7f5ad5821000 rw-p 00d7d000 08:05 1143542                    /home/fadeil/java/jdk1.8.0_221/jre/lib/amd64/server/libjvm.so
7f5ad5821000-7f5ad585e000 rw-p 00000000 00:00 0 
7f5ad585e000-7f5ad5880000 r--p 00000000 08:05 352217                     /usr/lib/x86_64-linux-gnu/libc-2.30.so
7f5ad5880000-7f5ad59cf000 r-xp 00022000 08:05 352217                     /usr/lib/x86_64-linux-gnu/libc-2.30.so
7f5ad59cf000-7f5ad5a1c000 r--p 00171000 08:05 352217                     /usr/lib/x86_64-linux-gnu/libc-2.30.so
7f5ad5a1c000-7f5ad5a1d000 ---p 001be000 08:05 352217                     /usr/lib/x86_64-linux-gnu/libc-2.30.so
7f5ad5a1d000-7f5ad5a21000 r--p 001be000 08:05 352217                     /usr/lib/x86_64-linux-gnu/libc-2.30.so
7f5ad5a21000-7f5ad5a23000 rw-p 001c2000 08:05 352217                     /usr/lib/x86_64-linux-gnu/libc-2.30.so
7f5ad5a23000-7f5ad5a27000 rw-p 00000000 00:00 0 
7f5ad5a27000-7f5ad5a28000 r--p 00000000 08:05 353555                     /usr/lib/x86_64-linux-gnu/libdl-2.30.so
7f5ad5a28000-7f5ad5a2a000 r-xp 00001000 08:05 353555                     /usr/lib/x86_64-linux-gnu/libdl-2.30.so
7f5ad5a2a000-7f5ad5a2b000 r--p 00003000 08:05 353555                     /usr/lib/x86_64-linux-gnu/libdl-2.30.so
7f5ad5a2b000-7f5ad5a2c000 r--p 00003000 08:05 353555                     /usr/lib/x86_64-linux-gnu/libdl-2.30.so
7f5ad5a2c000-7f5ad5a2d000 rw-p 00004000 08:05 353555                     /usr/lib/x86_64-linux-gnu/libdl-2.30.so
7f5ad5a2d000-7f5ad5a44000 r-xp 00000000 08:05 1142621                    /home/fadeil/java/jdk1.8.0_221/lib/amd64/jli/libjli.so
7f5ad5a44000-7f5ad5c43000 ---p 00017000 08:05 1142621                    /home/fadeil/java/jdk1.8.0_221/lib/amd64/jli/libjli.so
7f5ad5c43000-7f5ad5c44000 r--p 00016000 08:05 1142621                    /home/fadeil/java/jdk1.8.0_221/lib/amd64/jli/libjli.so
7f5ad5c44000-7f5ad5c45000 rw-p 00017000 08:05 1142621                    /home/fadeil/java/jdk1.8.0_221/lib/amd64/jli/libjli.so
7f5ad5c45000-7f5ad5c4b000 r--p 00000000 08:05 358396                     /usr/lib/x86_64-linux-gnu/libpthread-2.30.so
7f5ad5c4b000-7f5ad5c5b000 r-xp 00006000 08:05 358396                     /usr/lib/x86_64-linux-gnu/libpthread-2.30.so
7f5ad5c5b000-7f5ad5c61000 r--p 00016000 08:05 358396                     /usr/lib/x86_64-linux-gnu/libpthread-2.30.so
7f5ad5c61000-7f5ad5c62000 r--p 0001b000 08:05 358396                     /usr/lib/x86_64-linux-gnu/libpthread-2.30.so
7f5ad5c62000-7f5ad5c63000 rw-p 0001c000 08:05 358396                     /usr/lib/x86_64-linux-gnu/libpthread-2.30.so
7f5ad5c63000-7f5ad5c69000 rw-p 00000000 00:00 0 
7f5ad5c69000-7f5ad5c6b000 r--s 00002000 08:05 808004                     /apache-maven/apache-maven-3.5.4/lib/plexus-cipher-1.7.jar
7f5ad5c6b000-7f5ad5c6f000 r--s 0002a000 08:05 808021                     /apache-maven/apache-maven-3.5.4/lib/maven-resolver-impl-1.1.1.jar
7f5ad5c6f000-7f5ad5c71000 r--s 0000b000 08:05 807994                     /apache-maven/apache-maven-3.5.4/boot/plexus-classworlds-2.5.2.jar
7f5ad5c71000-7f5ad5c79000 rw-s 00000000 00:3b 138                        /tmp/hsperfdata_fadeil/19406
7f5ad5c79000-7f5ad5c7a000 rw-p 00000000 00:00 0 
7f5ad5c7a000-7f5ad5c7b000 r--p 00000000 08:05 283467                     /usr/lib/x86_64-linux-gnu/ld-2.30.so
7f5ad5c7b000-7f5ad5c9b000 r-xp 00001000 08:05 283467                     /usr/lib/x86_64-linux-gnu/ld-2.30.so
7f5ad5c9b000-7f5ad5ca3000 r--p 00021000 08:05 283467                     /usr/lib/x86_64-linux-gnu/ld-2.30.so
7f5ad5ca3000-7f5ad5ca4000 ---p 00000000 00:00 0 
7f5ad5ca4000-7f5ad5ca5000 r--p 00029000 08:05 283467                     /usr/lib/x86_64-linux-gnu/ld-2.30.so
7f5ad5ca5000-7f5ad5ca6000 rw-p 0002a000 08:05 283467                     /usr/lib/x86_64-linux-gnu/ld-2.30.so
7f5ad5ca6000-7f5ad5ca7000 rw-p 00000000 00:00 0 
7ffd9abf1000-7ffd9ac12000 rw-p 00000000 00:00 0                          [stack]
7ffd9ac93000-7ffd9ac96000 r--p 00000000 00:00 0                          [vvar]
7ffd9ac96000-7ffd9ac98000 r-xp 00000000 00:00 0                          [vdso]
ffffffffff600000-ffffffffff601000 r-xp 00000000 00:00 0                  [vsyscall]

VM Arguments:
jvm_args: -Djava.io.tmpdir=/home/fadeil/.var/app/com.jetbrains.IntelliJ-IDEA-Ultimate/cache/tmp/ -Dmaven.multiModuleProjectDirectory=/media/fadeil/94f6b88b-edc6-4f64-8ef3-9fff35a6f51a/fadeil/alternaceDossier/EPEC_Alt/Abdelfadeil/MovieE-Commerce-v2 -Dmaven.home=/apache-maven/apache-maven-3.5.4 -Dclassworlds.conf=/apache-maven/apache-maven-3.5.4/bin/m2.conf -Dmaven.ext.class.path=/app/extra/idea-IU/plugins/maven/lib/maven-event-listener.jar -Dfile.encoding=UTF-8 
java_command: org.codehaus.classworlds.Launcher -Didea.version2019.2.3 -s /home/fadeil/.m2/settings.xml -Dmaven.repo.local=/home/fadeil/.m2/repository install
java_class_path (initial): /apache-maven/apache-maven-3.5.4/boot/plexus-classworlds-2.5.2.jar
Launcher Type: SUN_STANDARD

Environment Variables:
JAVA_HOME=/usr/lib/java/jdk1.8.0_221
JAVA_TOOL_OPTIONS=-Djava.io.tmpdir=/home/fadeil/.var/app/com.jetbrains.IntelliJ-IDEA-Ultimate/cache/tmp/
PATH=/app/bin:/usr/bin:
USERNAME=fadeil
SHELL=/bin/sh
DISPLAY=:99.0

Signal Handlers:
SIGSEGV: [libjvm.so+0xad3d90], sa_mask[0]=11111111011111111101111111111110, sa_flags=SA_RESTART|SA_SIGINFO
SIGBUS: [libjvm.so+0xad3d90], sa_mask[0]=11111111011111111101111111111110, sa_flags=SA_RESTART|SA_SIGINFO
SIGFPE: [libjvm.so+0x90b8b0], sa_mask[0]=11111111011111111101111111111110, sa_flags=SA_RESTART|SA_SIGINFO
SIGPIPE: [libjvm.so+0x90b8b0], sa_mask[0]=11111111011111111101111111111110, sa_flags=SA_RESTART|SA_SIGINFO
SIGXFSZ: [libjvm.so+0x90b8b0], sa_mask[0]=11111111011111111101111111111110, sa_flags=SA_RESTART|SA_SIGINFO
SIGILL: [libjvm.so+0x90b8b0], sa_mask[0]=11111111011111111101111111111110, sa_flags=SA_RESTART|SA_SIGINFO
SIGUSR1: SIG_DFL, sa_mask[0]=00000000000000000000000000000000, sa_flags=none
SIGUSR2: [libjvm.so+0x90b780], sa_mask[0]=00100000000000000000000000000000, sa_flags=SA_RESTART|SA_SIGINFO
SIGHUP: [libjvm.so+0x90bda0], sa_mask[0]=11111111011111111101111111111110, sa_flags=SA_RESTART|SA_SIGINFO
SIGINT: [libjvm.so+0x90bda0], sa_mask[0]=11111111011111111101111111111110, sa_flags=SA_RESTART|SA_SIGINFO
SIGTERM: [libjvm.so+0x90bda0], sa_mask[0]=11111111011111111101111111111110, sa_flags=SA_RESTART|SA_SIGINFO
SIGQUIT: [libjvm.so+0x90bda0], sa_mask[0]=11111111011111111101111111111110, sa_flags=SA_RESTART|SA_SIGINFO


---------------  S Y S T E M  ---------------

OS:NAME=Freedesktop.org
VERSION="19.08.3 (Flatpak runtime)"
VERSION_ID=19.08.3
ID=org.freedesktop.platform
PRETTY_NAME="Freedesktop.org 19.08.3 (Flatpak runtime)"
BUG_REPORT_URL=https://gitlab.com/freedesktop-sdk/freedesktop-sdk/issues
uname:Linux 4.15.0-70-generic #79-Ubuntu SMP Tue Nov 12 10:36:11 UTC 2019 x86_64
libc:glibc 2.30 NPTL 2.30 
rlimit: STACK 8192k, CORE 0k, NPROC 31136, NOFILE 1048576, AS infinity
load average:35.30 12.76 5.20

/proc/meminfo:
MemTotal:        8086324 kB
MemFree:          106936 kB
MemAvailable:      17316 kB
Buffers:             656 kB
Cached:           854476 kB
SwapCached:         7104 kB
Active:          6692864 kB
Inactive:         850888 kB
Active(anon):    6682384 kB
Inactive(anon):   835268 kB
Active(file):      10480 kB
Inactive(file):    15620 kB
Unevictable:          96 kB
Mlocked:              96 kB
SwapTotal:       2097148 kB
SwapFree:              0 kB
Dirty:                 4 kB
Writeback:           172 kB
AnonPages:       6681904 kB
Mapped:           380248 kB
Shmem:            828796 kB
Slab:             165420 kB
SReclaimable:      72228 kB
SUnreclaim:        93192 kB
KernelStack:       24960 kB
PageTables:       133324 kB
NFS_Unstable:          0 kB
Bounce:                0 kB
WritebackTmp:          0 kB
CommitLimit:     6140308 kB
Committed_AS:   21870712 kB
VmallocTotal:   34359738367 kB
VmallocUsed:           0 kB
VmallocChunk:          0 kB
HardwareCorrupted:     0 kB
AnonHugePages:         0 kB
ShmemHugePages:        0 kB
ShmemPmdMapped:        0 kB
CmaTotal:              0 kB
CmaFree:               0 kB
HugePages_Total:       0
HugePages_Free:        0
HugePages_Rsvd:        0
HugePages_Surp:        0
Hugepagesize:       2048 kB
DirectMap4k:      898496 kB
DirectMap2M:     7409664 kB
DirectMap1G:     1048576 kB


CPU:total 4 (initial active 4) (2 cores per cpu, 2 threads per core) family 6 model 69 stepping 1, cmov, cx8, fxsr, mmx, sse, sse2, sse3, ssse3, sse4.1, sse4.2, popcnt, avx, avx2, aes, clmul, erms, lzcnt, ht, tsc, tscinvbit, bmi1, bmi2

/proc/cpuinfo:
processor	: 0
vendor_id	: GenuineIntel
cpu family	: 6
model		: 69
model name	: Intel(R) Core(TM) i5-4200U CPU @ 1.60GHz
stepping	: 1
microcode	: 0x25
cpu MHz		: 2294.616
cache size	: 3072 KB
physical id	: 0
siblings	: 4
core id		: 0
cpu cores	: 2
apicid		: 0
initial apicid	: 0
fpu		: yes
fpu_exception	: yes
cpuid level	: 13
wp		: yes
flags		: fpu vme de pse tsc msr pae mce cx8 apic sep mtrr pge mca cmov pat pse36 clflush dts acpi mmx fxsr sse sse2 ss ht tm pbe syscall nx pdpe1gb rdtscp lm constant_tsc arch_perfmon pebs bts rep_good nopl xtopology nonstop_tsc cpuid aperfmperf pni pclmulqdq dtes64 monitor ds_cpl vmx est tm2 ssse3 sdbg fma cx16 xtpr pdcm pcid sse4_1 sse4_2 movbe popcnt tsc_deadline_timer aes xsave avx f16c rdrand lahf_lm abm cpuid_fault epb invpcid_single pti ssbd ibrs ibpb stibp tpr_shadow vnmi flexpriority ept vpid fsgsbase tsc_adjust bmi1 avx2 smep bmi2 erms invpcid xsaveopt dtherm ida arat pln pts md_clear flush_l1d
bugs		: cpu_meltdown spectre_v1 spectre_v2 spec_store_bypass l1tf mds swapgs itlb_multihit
bogomips	: 4589.23
clflush size	: 64
cache_alignment	: 64
address sizes	: 39 bits physical, 48 bits virtual
power management:

processor	: 1
vendor_id	: GenuineIntel
cpu family	: 6
model		: 69
model name	: Intel(R) Core(TM) i5-4200U CPU @ 1.60GHz
stepping	: 1
microcode	: 0x25
cpu MHz		: 2294.618
cache size	: 3072 KB
physical id	: 0
siblings	: 4
core id		: 0
cpu cores	: 2
apicid		: 1
initial apicid	: 1
fpu		: yes
fpu_exception	: yes
cpuid level	: 13
wp		: yes
flags		: fpu vme de pse tsc msr pae mce cx8 apic sep mtrr pge mca cmov pat pse36 clflush dts acpi mmx fxsr sse sse2 ss ht tm pbe syscall nx pdpe1gb rdtscp lm constant_tsc arch_perfmon pebs bts rep_good nopl xtopology nonstop_tsc cpuid aperfmperf pni pclmulqdq dtes64 monitor ds_cpl vmx est tm2 ssse3 sdbg fma cx16 xtpr pdcm pcid sse4_1 sse4_2 movbe popcnt tsc_deadline_timer aes xsave avx f16c rdrand lahf_lm abm cpuid_fault epb invpcid_single pti ssbd ibrs ibpb stibp tpr_shadow vnmi flexpriority ept vpid fsgsbase tsc_adjust bmi1 avx2 smep bmi2 erms invpcid xsaveopt dtherm ida arat pln pts md_clear flush_l1d
bugs		: cpu_meltdown spectre_v1 spectre_v2 spec_store_bypass l1tf mds swapgs itlb_multihit
bogomips	: 4589.23
clflush size	: 64
cache_alignment	: 64
address sizes	: 39 bits physical, 48 bits virtual
power management:

processor	: 2
vendor_id	: GenuineIntel
cpu family	: 6
model		: 69
model name	: Intel(R) Core(TM) i5-4200U CPU @ 1.60GHz
stepping	: 1
microcode	: 0x25
cpu MHz		: 2294.619
cache size	: 3072 KB
physical id	: 0
siblings	: 4
core id		: 1
cpu cores	: 2
apicid		: 2
initial apicid	: 2
fpu		: yes
fpu_exception	: yes
cpuid level	: 13
wp		: yes
flags		: fpu vme de pse tsc msr pae mce cx8 apic sep mtrr pge mca cmov pat pse36 clflush dts acpi mmx fxsr sse sse2 ss ht tm pbe syscall nx pdpe1gb rdtscp lm constant_tsc arch_perfmon pebs bts rep_good nopl xtopology nonstop_tsc cpuid aperfmperf pni pclmulqdq dtes64 monitor ds_cpl vmx est tm2 ssse3 sdbg fma cx16 xtpr pdcm pcid sse4_1 sse4_2 movbe popcnt tsc_deadline_timer aes xsave avx f16c rdrand lahf_lm abm cpuid_fault epb invpcid_single pti ssbd ibrs ibpb stibp tpr_shadow vnmi flexpriority ept vpid fsgsbase tsc_adjust bmi1 avx2 smep bmi2 erms invpcid xsaveopt dtherm ida arat pln pts md_clear flush_l1d
bugs		: cpu_meltdown spectre_v1 spectre_v2 spec_store_bypass l1tf mds swapgs itlb_multihit
bogomips	: 4589.23
clflush size	: 64
cache_alignment	: 64
address sizes	: 39 bits physical, 48 bits virtual
power management:

processor	: 3
vendor_id	: GenuineIntel
cpu family	: 6
model		: 69
model name	: Intel(R) Core(TM) i5-4200U CPU @ 1.60GHz
stepping	: 1
microcode	: 0x25
cpu MHz		: 2294.616
cache size	: 3072 KB
physical id	: 0
siblings	: 4
core id		: 1
cpu cores	: 2
apicid		: 3
initial apicid	: 3
fpu		: yes
fpu_exception	: yes
cpuid level	: 13
wp		: yes
flags		: fpu vme de pse tsc msr pae mce cx8 apic sep mtrr pge mca cmov pat pse36 clflush dts acpi mmx fxsr sse sse2 ss ht tm pbe syscall nx pdpe1gb rdtscp lm constant_tsc arch_perfmon pebs bts rep_good nopl xtopology nonstop_tsc cpuid aperfmperf pni pclmulqdq dtes64 monitor ds_cpl vmx est tm2 ssse3 sdbg fma cx16 xtpr pdcm pcid sse4_1 sse4_2 movbe popcnt tsc_deadline_timer aes xsave avx f16c rdrand lahf_lm abm cpuid_fault epb invpcid_single pti ssbd ibrs ibpb stibp tpr_shadow vnmi flexpriority ept vpid fsgsbase tsc_adjust bmi1 avx2 smep bmi2 erms invpcid xsaveopt dtherm ida arat pln pts md_clear flush_l1d
bugs		: cpu_meltdown spectre_v1 spectre_v2 spec_store_bypass l1tf mds swapgs itlb_multihit
bogomips	: 4589.23
clflush size	: 64
cache_alignment	: 64
address sizes	: 39 bits physical, 48 bits virtual
power management:



Memory: 4k page, physical 8086324k(106056k free), swap 2097148k(4k free)

vm_info: Java HotSpot(TM) 64-Bit Server VM (25.221-b11) for linux-amd64 JRE (1.8.0_221-b11), built on Jul  4 2019 04:27:00 by "java_re" with gcc 7.3.0

time: Mon Nov 25 09:19:43 2019
timezone: CET
elapsed time: 116 seconds (0d 0h 1m 56s)

